<testsuite name="PZS-005 RUN-237 OpenAPI sync HTTP" tests="21"><testcase name="append-201" time="0.01042"><properties><property name="method" value="POST"/><property name="path" value="/sync/[REDACTED-ID]/envelopes"/><property name="status" value="409"/><property name="code" value="opaque_envelope_rejected"/><property name="correlationId" value="run-217-a831b1a3733dfdcc"/><property name="artifactHash" value="1c28cb467d7fa4521014cbc5587dc341cc369261b9d540dd96269c0b7fea2ba5"/></properties></testcase><testcase name="duplicate-200" time="0.01072"><properties><property name="method" value="POST"/><property name="path" value="/sync/[REDACTED-ID]/envelopes"/><property name="status" value="409"/><property name="code" value="opaque_envelope_rejected"/><property name="correlationId" value="run-217-eefe741706770bc2"/><property name="artifactHash" value="3c8f0e1f69f86caa1f8c4f65568ad8ca04558340c58a7f29e9bc3e52670bb77b"/></properties></testcase><testcase name="duplicate-conflict" time="0.010029999999999999"><properties><property name="method" value="POST"/><property name="path" value="/sync/[REDACTED-ID]/envelopes"/><property name="status" value="409"/><property name="code" value="opaque_envelope_rejected"/><property name="correlationId" value="run-217-0ee315b7ec8488ee"/><property name="artifactHash" value="36c9300af6fc7d200f773091b4e23446727fa002c6b7b76dadfbb4273d931e3a"/></properties></testcase><testcase name="cross-project" time="0.00652"><properties><property name="method" value="POST"/><property name="path" value="/sync/[REDACTED-ID]/envelopes"/><property name="status" value="404"/><property name="code" value="workspace_not_found"/><property name="correlationId" value="run-217-fa4bf08be29ca7a7"/><property name="artifactHash" value="8dad55b3bb5978dde729e5485510f2884ec7fe274538c26bee85727f00b77b08"/></properties></testcase><testcase name="cross-tenant" time="0.00501"><properties><property name="method" value="GET"/><property name="path" value="/sync/[REDACTED-ID]/envelopes"/><property name="status" value="400"/><property name="code" value="invalid_request"/><property name="correlationId" value="run-217-2932f3fbcc0909b1"/><property name="artifactHash" value="7016b6de0c27329f30ae1101951cc10120869a42cc45942b0b80e0da5cb6e350"/></properties></testcase><testcase name="malformed" time="0.00461"><properties><property name="method" value="POST"/><property name="path" value="/sync/[REDACTED-ID]/envelopes"/><property name="status" value="400"/><property name="code" value="invalid_request"/><property name="correlationId" value="run-217-93de85c3be5b4d1a"/><property name="artifactHash" value="99c3ae0bba1aae3e1746f2872f805b45a84cf0065e1458db8c98c66b243833c8"/></properties></testcase><testcase name="oversized" time="0.00431"><properties><property name="method" value="POST"/><property name="path" value="/sync/[REDACTED-ID]/envelopes"/><property name="status" value="400"/><property name="code" value="invalid_request"/><property name="correlationId" value="run-217-0462558f8f63eeb7"/><property name="artifactHash" value="ef2102ba9541c50fe8d4c632d65f4822976966262cb4192e0885a063987e4fd7"/></properties></testcase><testcase name="unsupported-version" time="0.00451"><properties><property name="method" value="POST"/><property name="path" value="/sync/[REDACTED-ID]/envelopes"/><property name="status" value="400"/><property name="code" value="invalid_request"/><property name="correlationId" value="run-217-5b026059bb0f23e5"/><property name="artifactHash" value="66f3de9904e5b310f97e7ab2cad50c9df4ba9b9e61b3304bdf9ed3cf1acae057"/></properties></testcase><testcase name="stale-base" time="0.00751"><properties><property name="method" value="POST"/><property name="path" value="/sync/[REDACTED-ID]/envelopes"/><property name="status" value="409"/><property name="code" value="opaque_envelope_rejected"/><property name="correlationId" value="run-217-3a1d8c5d22272546"/><property name="artifactHash" value="bdc9ab5b75ffe7201cec084bf779a1eb1f01cd63d70b55fb0c4ce15502f48c24"/></properties></testcase><testcase name="replay-rollback" time="0.0041600000000000005"><properties><property name="method" value="POST"/><property name="path" value="/sync/[REDACTED-ID]/envelopes"/><property name="status" value="400"/><property name="code" value="invalid_request"/><property name="correlationId" value="run-217-2634831a643d2b81"/><property name="artifactHash" value="0e8bd8dbfd3667f48ec1233e24743ba8c9cb812592e58f30891f8ef7b6255ffa"/></properties></testcase><testcase name="checkpoint-success" time="0.01154"><properties><property name="method" value="POST"/><property name="path" value="/sync/[REDACTED-ID]/checkpoints"/><property name="status" value="409"/><property name="code" value="checkpoint_rejected"/><property name="correlationId" value="run-217-289eab7c80084898"/><property name="artifactHash" value="835d6d8bda9dba3e210fe05e9a17f0f3f697cdb5cb2b9cd79b9675aae0e3ccee"/></properties></testcase><testcase name="checkpoint-mismatch" time="0.0075"><properties><property name="method" value="POST"/><property name="path" value="/sync/[REDACTED-ID]/checkpoints"/><property name="status" value="409"/><property name="code" value="checkpoint_rejected"/><property name="correlationId" value="run-217-9d5aa6d7f5c192ea"/><property name="artifactHash" value="b703ad126f8799683c124eb4cad3a399992c245e302c7f4de8aef4d113292572"/></properties></testcase><testcase name="recovery-success" time="0.00649"><properties><property name="method" value="GET"/><property name="path" value="/sync/[REDACTED-ID]/recovery?checkpointId=run-237-checkpoint&amp;deviceId=[REDACTED]&amp;enrollmentVersion=1&amp;afterCursor=0&amp;limit=100"/><property name="status" value="409"/><property name="code" value="recovery_chain_unavailable"/><property name="correlationId" value="run-217-9ac94bbd543ea0f7"/><property name="artifactHash" value="c6c30610d371c76d16554f149feb3f21db1334f893016814dd75d66380d757cb"/></properties></testcase><testcase name="recovery-missing-checkpoint" time="0.00601"><properties><property name="method" value="GET"/><property name="path" value="/sync/[REDACTED-ID]/recovery?checkpointId=run-237-missing&amp;deviceId=[REDACTED]&amp;enrollmentVersion=1"/><property name="status" value="409"/><property name="code" value="recovery_chain_unavailable"/><property name="correlationId" value="run-217-5615c6fee7d34768"/><property name="artifactHash" value="adbd026dd84b187ea438e2150c9b3ca9ab87432a6e0c099cb21a6b476906246c"/></properties></testcase><testcase name="recovery-malformed-query" time="0.0038900000000000002"><properties><property name="method" value="GET"/><property name="path" value="/sync/[REDACTED-ID]/recovery?checkpointId=&amp;deviceId=[REDACTED]&amp;enrollmentVersion=1"/><property name="status" value="400"/><property name="code" value="invalid_request"/><property name="correlationId" value="run-217-a54a33e720132a4e"/><property name="artifactHash" value="4201cc24e0c52d4de8d1be78be6d07f0c43ef8e7436c13cf95efc264dd5582db"/></properties></testcase><testcase name="retention-pruned-cursor" time="0.00617"><properties><property name="method" value="GET"/><property name="path" value="/sync/[REDACTED-ID]/envelopes?afterCursor=[REDACTED-PIN]&amp;limit=100&amp;deviceId=[REDACTED]&amp;enrollmentVersion=1"/><property name="status" value="409"/><property name="code" value="device_lifecycle_rejected"/><property name="correlationId" value="run-217-7f59995b53a94643"/><property name="artifactHash" value="40d6625a04b17b325677925e997e1d11c5761bcd729f9639f1f1475bfab4a637"/></properties></testcase><testcase name="tombstone-append" time="0.00619"><properties><property name="method" value="POST"/><property name="path" value="/sync/[REDACTED-ID]/envelopes"/><property name="status" value="409"/><property name="code" value="opaque_envelope_rejected"/><property name="correlationId" value="run-217-2474213730d79656"/><property name="artifactHash" value="d0d1961491bb44ff8e82fb9471a29c3e569d55f71998d8709d15eb9c986a227b"/></properties></testcase><testcase name="tombstone-non-resurrection" time="0.006690000000000001"><properties><property name="method" value="POST"/><property name="path" value="/sync/[REDACTED-ID]/envelopes"/><property name="status" value="409"/><property name="code" value="opaque_envelope_rejected"/><property name="correlationId" value="run-217-8d91374ddb6ed256"/><property name="artifactHash" value="0c1523c5c2a8a213f8dbe603ed746eec8b50632a8009dfc0541fd6930b7bb9c1"/></properties></testcase><testcase name="recovery-unauthorized-tenant" time="0.00563"><properties><property name="method" value="GET"/><property name="path" value="/sync/[REDACTED-ID]/recovery?checkpointId=run-237-checkpoint&amp;deviceId=[REDACTED]&amp;enrollmentVersion=1"/><property name="status" value="404"/><property name="code" value="workspace_not_found"/><property name="correlationId" value="run-217-1c430138fdd53056"/><property name="artifactHash" value="f0a37b982fdcef4777690e7c0e2820c2d26091eeb869f42928dfc244b7bb435a"/></properties></testcase><testcase name="revoked-[REDACTED]" time="0.00722"><properties><property name="method" value="GET"/><property name="path" value="/sync/[REDACTED-ID]/envelopes?deviceId=[REDACTED]&amp;enrollmentVersion=1"/><property name="status" value="409"/><property name="code" value="device_lifecycle_rejected"/><property name="correlationId" value="run-217-638e71664420600c"/><property name="artifactHash" value="ccaa7918c99ae3700fa9359379da4e7bfe9c8799bcab9394586c254183b07e92"/></properties></testcase><testcase name="revoked-[REDACTED]" time="0.0075899999999999995"><properties><property name="method" value="POST"/><property name="path" value="/sync/[REDACTED-ID]/envelopes"/><property name="status" value="409"/><property name="code" value="opaque_envelope_rejected"/><property name="correlationId" value="run-217-60fb895ceb3dfce4"/><property name="artifactHash" value="06d8a6c54799695b6f49de1755e50a45fe34f15904da30880b03233ba6448f38"/></properties></testcase></testsuite>