<testsuite name="PZS-005 RUN-1788225756526-1297408" tests="23" failures="0"><testcase name="authorized_append_201"><properties><property name="runId" value="RUN-1788225756526-1297408"/><property name="streamId" value="stream-80d29964-62d6-4144-b458-347dc6e7283f"/><property name="method" value="POST"/><property name="url" value="http://localhost:8080/sync/9cb65fd2-3fd3-4dc8-b3a6-08be183d8365/envelopes"/><property name="status" value="201"/><property name="code" value=""/><property name="correlationId" value="transport-authorized_append_201"/></properties></testcase><testcase name="duplicate_200"><properties><property name="runId" value="RUN-1788225756526-1297408"/><property name="streamId" value="stream-80d29964-62d6-4144-b458-347dc6e7283f"/><property name="method" value="POST"/><property name="url" value="http://localhost:8080/sync/9cb65fd2-3fd3-4dc8-b3a6-08be183d8365/envelopes"/><property name="status" value="200"/><property name="code" value=""/><property name="correlationId" value="transport-duplicate_200"/></properties></testcase><testcase name="duplicate_conflict"><properties><property name="runId" value="RUN-1788225756526-1297408"/><property name="streamId" value="stream-80d29964-62d6-4144-b458-347dc6e7283f"/><property name="method" value="POST"/><property name="url" value="http://localhost:8080/sync/9cb65fd2-3fd3-4dc8-b3a6-08be183d8365/envelopes"/><property name="status" value="409"/><property name="code" value="opaque_envelope_rejected"/><property name="correlationId" value="transport-duplicate_conflict"/></properties></testcase><testcase name="authorized_fetch"><properties><property name="runId" value="RUN-1788225756526-1297408"/><property name="streamId" value="stream-80d29964-62d6-4144-b458-347dc6e7283f"/><property name="method" value="GET"/><property name="url" value="http://localhost:8080/sync/9cb65fd2-3fd3-4dc8-b3a6-08be183d8365/envelopes?deviceId=device-04b8380c-0d9d-4621-97ed-dd8b86e26394&enrollmentVersion=2"/><property name="status" value="200"/><property name="code" value=""/><property name="correlationId" value="transport-authorized_fetch"/></properties></testcase><testcase name="cross_project"><properties><property name="runId" value="RUN-1788225756526-1297408"/><property name="streamId" value="stream-80d29964-62d6-4144-b458-347dc6e7283f"/><property name="method" value="GET"/><property name="url" value="http://localhost:8080/sync/b825af92-6d8a-43d3-a72a-8b9dd696a72e/envelopes?deviceId=device-04b8380c-0d9d-4621-97ed-dd8b86e26394&enrollmentVersion=2"/><property name="status" value="409"/><property name="code" value="device_lifecycle_rejected"/><property name="correlationId" value="transport-cross_project"/></properties></testcase><testcase name="cross_tenant"><properties><property name="runId" value="RUN-1788225756526-1297408"/><property name="streamId" value="stream-80d29964-62d6-4144-b458-347dc6e7283f"/><property name="method" value="GET"/><property name="url" value="http://localhost:8080/sync/d6149ca1-c99d-400d-b1a7-e43d1069451f/envelopes?deviceId=device-04b8380c-0d9d-4621-97ed-dd8b86e26394&enrollmentVersion=2"/><property name="status" value="404"/><property name="code" value="workspace_not_found"/><property name="correlationId" value="transport-cross_tenant"/></properties></testcase><testcase name="revoked_device"><properties><property name="runId" value="RUN-1788225756526-1297408"/><property name="streamId" value="stream-80d29964-62d6-4144-b458-347dc6e7283f"/><property name="method" value="GET"/><property name="url" value="http://localhost:8080/sync/9cb65fd2-3fd3-4dc8-b3a6-08be183d8365/envelopes?deviceId=device-41a5e20e-9925-477f-b4f0-1733966936ae&enrollmentVersion=1"/><property name="status" value="409"/><property name="code" value="device_lifecycle_rejected"/><property name="correlationId" value="transport-revoked_device"/></properties></testcase><testcase name="unenrolled_device"><properties><property name="runId" value="RUN-1788225756526-1297408"/><property name="streamId" value="stream-80d29964-62d6-4144-b458-347dc6e7283f"/><property name="method" value="GET"/><property name="url" value="http://localhost:8080/sync/9cb65fd2-3fd3-4dc8-b3a6-08be183d8365/envelopes?deviceId=device-69f97e3c-632c-4a9d-8def-40ab902521f0&enrollmentVersion=1"/><property name="status" value="409"/><property name="code" value="device_lifecycle_rejected"/><property name="correlationId" value="transport-unenrolled_device"/></properties></testcase><testcase name="malformed"><properties><property name="runId" value="RUN-1788225756526-1297408"/><property name="streamId" value="stream-80d29964-62d6-4144-b458-347dc6e7283f"/><property name="method" value="POST"/><property name="url" value="http://localhost:8080/sync/9cb65fd2-3fd3-4dc8-b3a6-08be183d8365/envelopes"/><property name="status" value="400"/><property name="code" value="invalid_request"/><property name="correlationId" value="transport-malformed"/></properties></testcase><testcase name="oversized"><properties><property name="runId" value="RUN-1788225756526-1297408"/><property name="streamId" value="stream-80d29964-62d6-4144-b458-347dc6e7283f"/><property name="method" value="POST"/><property name="url" value="http://localhost:8080/sync/9cb65fd2-3fd3-4dc8-b3a6-08be183d8365/envelopes"/><property name="status" value="400"/><property name="code" value="invalid_request"/><property name="correlationId" value="transport-oversized"/></properties></testcase><testcase name="unsupported_version"><properties><property name="runId" value="RUN-1788225756526-1297408"/><property name="streamId" value="stream-80d29964-62d6-4144-b458-347dc6e7283f"/><property name="method" value="POST"/><property name="url" value="http://localhost:8080/sync/9cb65fd2-3fd3-4dc8-b3a6-08be183d8365/envelopes"/><property name="status" value="400"/><property name="code" value="invalid_request"/><property name="correlationId" value="transport-unsupported_version"/></properties></testcase><testcase name="stale_base_409"><properties><property name="runId" value="RUN-1788225756526-1297408"/><property name="streamId" value="stream-80d29964-62d6-4144-b458-347dc6e7283f"/><property name="method" value="POST"/><property name="url" value="http://localhost:8080/sync/9cb65fd2-3fd3-4dc8-b3a6-08be183d8365/envelopes"/><property name="status" value="409"/><property name="code" value="opaque_envelope_rejected"/><property name="correlationId" value="transport-stale_base_409"/></properties></testcase><testcase name="rollback"><properties><property name="runId" value="RUN-1788225756526-1297408"/><property name="streamId" value="stream-80d29964-62d6-4144-b458-347dc6e7283f"/><property name="method" value="POST"/><property name="url" value="http://localhost:8080/sync/9cb65fd2-3fd3-4dc8-b3a6-08be183d8365/envelopes"/><property name="status" value="409"/><property name="code" value="opaque_envelope_rejected"/><property name="correlationId" value="transport-rollback"/></properties></testcase><testcase name="replay"><properties><property name="runId" value="RUN-1788225756526-1297408"/><property name="streamId" value="stream-80d29964-62d6-4144-b458-347dc6e7283f"/><property name="method" value="POST"/><property name="url" value="http://localhost:8080/sync/9cb65fd2-3fd3-4dc8-b3a6-08be183d8365/envelopes"/><property name="status" value="409"/><property name="code" value="opaque_envelope_rejected"/><property name="correlationId" value="transport-replay"/></properties></testcase><testcase name="valid_checkpoint"><properties><property name="runId" value="RUN-1788225756526-1297408"/><property name="streamId" value="stream-80d29964-62d6-4144-b458-347dc6e7283f"/><property name="method" value="POST"/><property name="url" value="http://localhost:8080/sync/9cb65fd2-3fd3-4dc8-b3a6-08be183d8365/checkpoints"/><property name="status" value="201"/><property name="code" value=""/><property name="correlationId" value="transport-valid_checkpoint"/></properties></testcase><testcase name="checkpoint_hash_mismatch"><properties><property name="runId" value="RUN-1788225756526-1297408"/><property name="streamId" value="stream-80d29964-62d6-4144-b458-347dc6e7283f"/><property name="method" value="POST"/><property name="url" value="http://localhost:8080/sync/9cb65fd2-3fd3-4dc8-b3a6-08be183d8365/checkpoints"/><property name="status" value="409"/><property name="code" value="checkpoint_rejected"/><property name="correlationId" value="transport-checkpoint_hash_mismatch"/></properties></testcase><testcase name="valid_recovery"><properties><property name="runId" value="RUN-1788225756526-1297408"/><property name="streamId" value="stream-80d29964-62d6-4144-b458-347dc6e7283f"/><property name="method" value="GET"/><property name="url" value="http://localhost:8080/sync/9cb65fd2-3fd3-4dc8-b3a6-08be183d8365/recovery?checkpointId=checkpoint-1&deviceId=device-04b8380c-0d9d-4621-97ed-dd8b86e26394&enrollmentVersion=2&afterCursor=0&limit=10"/><property name="status" value="200"/><property name="code" value=""/><property name="correlationId" value="transport-valid_recovery"/></properties></testcase><testcase name="missing_checkpoint"><properties><property name="runId" value="RUN-1788225756526-1297408"/><property name="streamId" value="stream-80d29964-62d6-4144-b458-347dc6e7283f"/><property name="method" value="GET"/><property name="url" value="http://localhost:8080/sync/9cb65fd2-3fd3-4dc8-b3a6-08be183d8365/recovery?checkpointId=missing&deviceId=device-04b8380c-0d9d-4621-97ed-dd8b86e26394&enrollmentVersion=2"/><property name="status" value="409"/><property name="code" value="recovery_chain_unavailable"/><property name="correlationId" value="transport-missing_checkpoint"/></properties></testcase><testcase name="pruned_cursor"><properties><property name="runId" value="RUN-1788225756526-1297408"/><property name="streamId" value="stream-80d29964-62d6-4144-b458-347dc6e7283f"/><property name="method" value="GET"/><property name="url" value="http://localhost:8080/sync/9cb65fd2-3fd3-4dc8-b3a6-08be183d8365/envelopes?afterCursor=0&deviceId=device-04b8380c-0d9d-4621-97ed-dd8b86e26394&enrollmentVersion=2"/><property name="status" value="409"/><property name="code" value="cursor_recovery_required"/><property name="correlationId" value="transport-pruned_cursor"/></properties></testcase><testcase name="tombstone"><properties><property name="runId" value="RUN-1788225756526-1297408"/><property name="streamId" value="stream-80d29964-62d6-4144-b458-347dc6e7283f"/><property name="method" value="POST"/><property name="url" value="http://localhost:8080/sync/9cb65fd2-3fd3-4dc8-b3a6-08be183d8365/envelopes"/><property name="status" value="201"/><property name="code" value=""/><property name="correlationId" value="transport-tombstone"/></properties></testcase><testcase name="tombstone_resurrection"><properties><property name="runId" value="RUN-1788225756526-1297408"/><property name="streamId" value="stream-80d29964-62d6-4144-b458-347dc6e7283f"/><property name="method" value="POST"/><property name="url" value="http://localhost:8080/sync/9cb65fd2-3fd3-4dc8-b3a6-08be183d8365/envelopes"/><property name="status" value="409"/><property name="code" value="opaque_envelope_rejected"/><property name="correlationId" value="transport-tombstone_resurrection"/></properties></testcase><testcase name="retention_boundary"><properties><property name="runId" value="RUN-1788225756526-1297408"/><property name="streamId" value="stream-80d29964-62d6-4144-b458-347dc6e7283f"/><property name="method" value="GET"/><property name="url" value="http://localhost:8080/sync/9cb65fd2-3fd3-4dc8-b3a6-08be183d8365/envelopes?afterCursor=1&deviceId=device-04b8380c-0d9d-4621-97ed-dd8b86e26394&enrollmentVersion=2"/><property name="status" value="200"/><property name="code" value=""/><property name="correlationId" value="transport-retention_boundary"/></properties></testcase><testcase name="device_lifecycle"><properties><property name="runId" value="RUN-1788225756526-1297408"/><property name="streamId" value="stream-80d29964-62d6-4144-b458-347dc6e7283f"/><property name="method" value="GET"/><property name="url" value="http://localhost:8080/sync/9cb65fd2-3fd3-4dc8-b3a6-08be183d8365/devices"/><property name="status" value="200"/><property name="code" value=""/><property name="correlationId" value="transport-device_lifecycle"/></properties></testcase></testsuite>