<testsuite name="PZS-005 RUN-256 OpenAPI sync HTTP" tests="21"><testcase name="append-201" time="0.005690000000000001"><properties><property name="method" value="POST"/><property name="path" value="/sync/[REDACTED-ID]/envelopes"/><property name="status" value="201"/><property name="code" value=""/><property name="correlationId" value="RUN-256-d0975f9c9fc84bcb"/><property name="artifactHash" value="ce9625c592299abfda6038ae889c482f9164136dc0fee86b209246e7616dd333"/></properties></testcase><testcase name="duplicate-200" time="0.0055"><properties><property name="method" value="POST"/><property name="path" value="/sync/[REDACTED-ID]/envelopes"/><property name="status" value="200"/><property name="code" value=""/><property name="correlationId" value="RUN-256-0648ff3aeec2f6bc"/><property name="artifactHash" value="379b113da93bc56f1032f7ea9243683e5e577b903747ac37ef57b10c8cee7ed6"/></properties></testcase><testcase name="duplicate-conflict" time="0.00555"><properties><property name="method" value="POST"/><property name="path" value="/sync/[REDACTED-ID]/envelopes"/><property name="status" value="409"/><property name="code" value="opaque_envelope_rejected"/><property name="correlationId" value="RUN-256-43c35fd6f14aa7dd"/><property name="artifactHash" value="c272f274c82bccf7f0d82dceee196212faec86ecd0ebbe107cc89f1e1348701b"/></properties></testcase><testcase name="cross-project" time="0.00435"><properties><property name="method" value="POST"/><property name="path" value="/sync/[REDACTED-ID]/envelopes"/><property name="status" value="404"/><property name="code" value="workspace_not_found"/><property name="correlationId" value="RUN-256-3dca2803e823549e"/><property name="artifactHash" value="c8ad531e30c68013b87893e63910629ede1fcef0b452aa4a99f828c34599f5ca"/></properties></testcase><testcase name="cross-tenant" time="0.00391"><properties><property name="method" value="GET"/><property name="path" value="/sync/[REDACTED-ID]/envelopes?deviceId=[REDACTED]&amp;enrollmentVersion=2"/><property name="status" value="404"/><property name="code" value="workspace_not_found"/><property name="correlationId" value="RUN-256-3b0d245ae61e07ca"/><property name="artifactHash" value="116ff1d7b92adfb60f8521725fda87a178c5c1d6ddcafb27ce8b85c4738c1c92"/></properties></testcase><testcase name="malformed" time="0.0035"><properties><property name="method" value="POST"/><property name="path" value="/sync/[REDACTED-ID]/envelopes"/><property name="status" value="400"/><property name="code" value="invalid_request"/><property name="correlationId" value="RUN-256-05139bd029f61cd6"/><property name="artifactHash" value="243d1c9f5d7d72ec4439e5fdabc45c4e7e1b08065bb8f48f44ddaec515cd1837"/></properties></testcase><testcase name="oversized" time="0.00327"><properties><property name="method" value="POST"/><property name="path" value="/sync/[REDACTED-ID]/envelopes"/><property name="status" value="400"/><property name="code" value="invalid_request"/><property name="correlationId" value="RUN-256-4c99dd2162b6baec"/><property name="artifactHash" value="d61a70f0b24828482757357cf63a742f78d909a4194571d916d77c044def22c9"/></properties></testcase><testcase name="unsupported-version" time="0.00314"><properties><property name="method" value="POST"/><property name="path" value="/sync/[REDACTED-ID]/envelopes"/><property name="status" value="400"/><property name="code" value="invalid_request"/><property name="correlationId" value="RUN-256-70fa5b75afa69c3a"/><property name="artifactHash" value="6184e65cd3b36b5d26b12d75343f06148889a26a22c201e25a03812ef260a92d"/></properties></testcase><testcase name="stale-base" time="0.00556"><properties><property name="method" value="POST"/><property name="path" value="/sync/[REDACTED-ID]/envelopes"/><property name="status" value="409"/><property name="code" value="opaque_envelope_rejected"/><property name="correlationId" value="RUN-256-0c8db71fbbae09c9"/><property name="artifactHash" value="c6e8bac6de50d05a183823eef8f667c34eaaa2eb982642e787ad85505cfb04c2"/></properties></testcase><testcase name="replay-rollback" time="0.00524"><properties><property name="method" value="POST"/><property name="path" value="/sync/[REDACTED-ID]/envelopes"/><property name="status" value="409"/><property name="code" value="opaque_envelope_rejected"/><property name="correlationId" value="RUN-256-813c7a37fedecdab"/><property name="artifactHash" value="21efe13737cc14efa59b66a5b3def81de89bd58f60503559590423d4420938ce"/></properties></testcase><testcase name="checkpoint-success" time="0.00552"><properties><property name="method" value="POST"/><property name="path" value="/sync/[REDACTED-ID]/checkpoints"/><property name="status" value="201"/><property name="code" value=""/><property name="correlationId" value="RUN-256-1cf27f3fab9607ef"/><property name="artifactHash" value="36249f476e5bfef23b7e40ac7a2994501aef4383b775131131d7cfe3f64ff2f2"/></properties></testcase><testcase name="checkpoint-mismatch" time="0.005"><properties><property name="method" value="POST"/><property name="path" value="/sync/[REDACTED-ID]/checkpoints"/><property name="status" value="409"/><property name="code" value="checkpoint_rejected"/><property name="correlationId" value="RUN-256-eb6702b33ac65f9d"/><property name="artifactHash" value="64932453c4e3b06236fd1901ab352ba1b9b1793b89a5f75e09284a08d8e0b64e"/></properties></testcase><testcase name="recovery-success" time="0.00522"><properties><property name="method" value="GET"/><property name="path" value="/sync/[REDACTED-ID]/recovery?checkpointId=run-256-checkpoint&amp;deviceId=[REDACTED]&amp;enrollmentVersion=2&amp;afterCursor=0&amp;limit=100"/><property name="status" value="200"/><property name="code" value=""/><property name="correlationId" value="RUN-256-b4e21b04bf75a241"/><property name="artifactHash" value="34cc06c3c8ef51a9006eb9fb467ba43da19600d651ebfbda48eb34195146616d"/></properties></testcase><testcase name="recovery-missing-checkpoint" time="0.004940000000000001"><properties><property name="method" value="GET"/><property name="path" value="/sync/[REDACTED-ID]/recovery?checkpointId=run-256-missing&amp;deviceId=[REDACTED]&amp;enrollmentVersion=2"/><property name="status" value="409"/><property name="code" value="recovery_chain_unavailable"/><property name="correlationId" value="RUN-256-81c254379193f857"/><property name="artifactHash" value="cc6d5fc956d20e141b8b17fdf1b326ffbdd0cf27754347be861f78399a3d4816"/></properties></testcase><testcase name="recovery-malformed-query" time="0.00266"><properties><property name="method" value="GET"/><property name="path" value="/sync/[REDACTED-ID]/recovery?checkpointId=&amp;deviceId=[REDACTED]&amp;enrollmentVersion=2"/><property name="status" value="400"/><property name="code" value="invalid_request"/><property name="correlationId" value="RUN-256-1cdd6d5d333d53fa"/><property name="artifactHash" value="efa5f59f2d747345bde547708101cc103d18b800f2a2862837f2b4c425f80097"/></properties></testcase><testcase name="retention-pruned-cursor" time="0.004690000000000001"><properties><property name="method" value="GET"/><property name="path" value="/sync/[REDACTED-ID]/envelopes?afterCursor=[REDACTED-PIN]&amp;limit=100&amp;deviceId=[REDACTED]&amp;enrollmentVersion=2"/><property name="status" value="409"/><property name="code" value="cursor_recovery_required"/><property name="correlationId" value="RUN-256-041898c5d6a47b12"/><property name="artifactHash" value="e412895aba7d953b81afe1ef0fef00c0c466a4f711ca4a97bc9d2bea32ca8e60"/></properties></testcase><testcase name="tombstone-append" time="0.005030000000000001"><properties><property name="method" value="POST"/><property name="path" value="/sync/[REDACTED-ID]/envelopes"/><property name="status" value="201"/><property name="code" value=""/><property name="correlationId" value="RUN-256-0407add912cfadb7"/><property name="artifactHash" value="fa18caf64cd8d4e7da827f29853e98830949b55ad49e3ab58e69b520dd51bdec"/></properties></testcase><testcase name="tombstone-non-resurrection" time="0.004900000000000001"><properties><property name="method" value="POST"/><property name="path" value="/sync/[REDACTED-ID]/envelopes"/><property name="status" value="409"/><property name="code" value="opaque_envelope_rejected"/><property name="correlationId" value="RUN-256-bf0a188c015ab48f"/><property name="artifactHash" value="d38ef58389dd7589e607510b238152c363a76113c1f50ca28bc187259fd8d7a8"/></properties></testcase><testcase name="recovery-unauthorized-tenant" time="0.004849999999999999"><properties><property name="method" value="GET"/><property name="path" value="/sync/[REDACTED-ID]/recovery?checkpointId=run-256-checkpoint&amp;deviceId=[REDACTED]&amp;enrollmentVersion=2"/><property name="status" value="404"/><property name="code" value="workspace_not_found"/><property name="correlationId" value="RUN-256-6a6f4060dbbb3380"/><property name="artifactHash" value="14f97b8d4eb1ec98099cd943dfd76f50dff6ad33c33e85e3d55face190979926"/></properties></testcase><testcase name="revoked-[REDACTED]" time="0.00532"><properties><property name="method" value="GET"/><property name="path" value="/sync/[REDACTED-ID]/envelopes?deviceId=[REDACTED]&amp;enrollmentVersion=2"/><property name="status" value="409"/><property name="code" value="device_lifecycle_rejected"/><property name="correlationId" value="RUN-256-74f029f5f49d2c68"/><property name="artifactHash" value="7cf4aff84fb0bf8ab84d34608f0a40caede7d73e97dacfce2a0bb87da14cd17e"/></properties></testcase><testcase name="revoked-[REDACTED]" time="0.00642"><properties><property name="method" value="POST"/><property name="path" value="/sync/[REDACTED-ID]/envelopes"/><property name="status" value="409"/><property name="code" value="opaque_envelope_rejected"/><property name="correlationId" value="RUN-256-5ebf64a26b476e40"/><property name="artifactHash" value="4aa10d27475e9410c75fbd8be7ad937e0609a50b6d40f279cd448be0b43db6b0"/></properties></testcase></testsuite>