<testsuite name="PZS-005 RUN-239 OpenAPI sync HTTP" tests="21"><testcase name="append-201" time="0.01024"><properties><property name="method" value="POST"/><property name="path" value="/sync/[REDACTED-ID]/envelopes"/><property name="status" value="201"/><property name="code" value=""/><property name="correlationId" value="RUN-239-566987580e20e11e"/><property name="artifactHash" value="1f06766635efb545d62fb7bfad8791256fd0ddbf857b4d14f64e8880f43e147d"/></properties></testcase><testcase name="duplicate-200" time="0.011519999999999999"><properties><property name="method" value="POST"/><property name="path" value="/sync/[REDACTED-ID]/envelopes"/><property name="status" value="200"/><property name="code" value=""/><property name="correlationId" value="RUN-239-88789a9027182e99"/><property name="artifactHash" value="6fd20ecc826926073c2d772a063a79f424749c4d2b219167e9850e6c46dade95"/></properties></testcase><testcase name="duplicate-conflict" time="0.01154"><properties><property name="method" value="POST"/><property name="path" value="/sync/[REDACTED-ID]/envelopes"/><property name="status" value="409"/><property name="code" value="opaque_envelope_rejected"/><property name="correlationId" value="RUN-239-12ad045a16409634"/><property name="artifactHash" value="80dee28c6a11f7aa77224e685ee62cf524cfa951e56fed5012c7059ecd75a8a8"/></properties></testcase><testcase name="cross-project" time="0.00601"><properties><property name="method" value="POST"/><property name="path" value="/sync/[REDACTED-ID]/envelopes"/><property name="status" value="404"/><property name="code" value="workspace_not_found"/><property name="correlationId" value="RUN-239-887f84972e7fffa2"/><property name="artifactHash" value="53cb02474701f568cda1b4cc617c07bfe4a87c2876296dd5b7f691336ba2bed5"/></properties></testcase><testcase name="cross-tenant" time="0.00932"><properties><property name="method" value="GET"/><property name="path" value="/sync/[REDACTED-ID]/envelopes?deviceId=[REDACTED]&amp;enrollmentVersion=2"/><property name="status" value="404"/><property name="code" value="workspace_not_found"/><property name="correlationId" value="RUN-239-fde702e02ea855b0"/><property name="artifactHash" value="86e7338486f0a9d877effd9fe273b9967b71b5c061e62d3aa2a17379b1f74483"/></properties></testcase><testcase name="malformed" time="0.0068200000000000005"><properties><property name="method" value="POST"/><property name="path" value="/sync/[REDACTED-ID]/envelopes"/><property name="status" value="400"/><property name="code" value="invalid_request"/><property name="correlationId" value="RUN-239-9f1d21c1801a8f09"/><property name="artifactHash" value="3f6045c348ac981d71cd63227b2eb2c2c0658149f8b77c0b53425b98e9db29e0"/></properties></testcase><testcase name="oversized" time="0.00521"><properties><property name="method" value="POST"/><property name="path" value="/sync/[REDACTED-ID]/envelopes"/><property name="status" value="400"/><property name="code" value="invalid_request"/><property name="correlationId" value="RUN-239-a4b953b267831432"/><property name="artifactHash" value="36708316f4fa52ff7cd5ca8bb6b23aeec5ccf15d2fe8f7abcbe72ad00ef06658"/></properties></testcase><testcase name="unsupported-version" time="0.00592"><properties><property name="method" value="POST"/><property name="path" value="/sync/[REDACTED-ID]/envelopes"/><property name="status" value="400"/><property name="code" value="invalid_request"/><property name="correlationId" value="RUN-239-ccec36eead8716d7"/><property name="artifactHash" value="0ec5c3d864efab7db77164cadbb912e96e75f36484e9dafd37e9ab346626f522"/></properties></testcase><testcase name="stale-base" time="0.007730000000000001"><properties><property name="method" value="POST"/><property name="path" value="/sync/[REDACTED-ID]/envelopes"/><property name="status" value="409"/><property name="code" value="opaque_envelope_rejected"/><property name="correlationId" value="RUN-239-d2e360539daef04c"/><property name="artifactHash" value="61d76b14472174ee818e83dab2e59af4bf082243ff59ae4b9b2f8f04e6047fdb"/></properties></testcase><testcase name="replay-rollback" time="0.011619999999999998"><properties><property name="method" value="POST"/><property name="path" value="/sync/[REDACTED-ID]/envelopes"/><property name="status" value="409"/><property name="code" value="opaque_envelope_rejected"/><property name="correlationId" value="RUN-239-b0af011d1abcecf4"/><property name="artifactHash" value="dd50c132a27e28dc6789f51060cdbe95178d9a8fdf5630704f2522cb008aa1b8"/></properties></testcase><testcase name="checkpoint-success" time="0.01064"><properties><property name="method" value="POST"/><property name="path" value="/sync/[REDACTED-ID]/checkpoints"/><property name="status" value="201"/><property name="code" value=""/><property name="correlationId" value="RUN-239-c8e5f8151f488012"/><property name="artifactHash" value="b8385fe5c79a716e0159ad5eb3c5a1bae2aa52d735a4e01f55f25e8314358240"/></properties></testcase><testcase name="checkpoint-mismatch" time="0.009710000000000002"><properties><property name="method" value="POST"/><property name="path" value="/sync/[REDACTED-ID]/checkpoints"/><property name="status" value="409"/><property name="code" value="checkpoint_rejected"/><property name="correlationId" value="RUN-239-fdb97e1b83c1500b"/><property name="artifactHash" value="0daa70747f13040a0afce3431d90368fdf337b2bfaa865824ee06e3b23f63138"/></properties></testcase><testcase name="recovery-success" time="0.013359999999999999"><properties><property name="method" value="GET"/><property name="path" value="/sync/[REDACTED-ID]/recovery?checkpointId=run-239-checkpoint&amp;deviceId=[REDACTED]&amp;enrollmentVersion=2&amp;afterCursor=0&amp;limit=100"/><property name="status" value="200"/><property name="code" value=""/><property name="correlationId" value="RUN-239-48bc5e4a77e874b0"/><property name="artifactHash" value="8efdedd8cda96048134fb11ad491d732fc3b94c83e8f1e26d53e6ea58c7de55e"/></properties></testcase><testcase name="recovery-missing-checkpoint" time="0.01021"><properties><property name="method" value="GET"/><property name="path" value="/sync/[REDACTED-ID]/recovery?checkpointId=run-239-missing&amp;deviceId=[REDACTED]&amp;enrollmentVersion=2"/><property name="status" value="409"/><property name="code" value="recovery_chain_unavailable"/><property name="correlationId" value="RUN-239-bca58d8c638ceb5d"/><property name="artifactHash" value="eee754f6b3dad25eb602eba3db9bb14ca1f55c41f6bba2b5899f2122f6f1296c"/></properties></testcase><testcase name="recovery-malformed-query" time="0.005030000000000001"><properties><property name="method" value="GET"/><property name="path" value="/sync/[REDACTED-ID]/recovery?checkpointId=&amp;deviceId=[REDACTED]&amp;enrollmentVersion=2"/><property name="status" value="400"/><property name="code" value="invalid_request"/><property name="correlationId" value="RUN-239-110e9234d90497c8"/><property name="artifactHash" value="8f8e17eec0ec400ded524beea11444e1af689f76f7cde38025dcabbeba3d5cd1"/></properties></testcase><testcase name="retention-pruned-cursor" time="0.009869999999999999"><properties><property name="method" value="GET"/><property name="path" value="/sync/[REDACTED-ID]/envelopes?afterCursor=[REDACTED-PIN]&amp;limit=100&amp;deviceId=[REDACTED]&amp;enrollmentVersion=2"/><property name="status" value="409"/><property name="code" value="cursor_recovery_required"/><property name="correlationId" value="RUN-239-41a3c76f03001030"/><property name="artifactHash" value="9083dcb5d89c2331dc91ab7b080c60553780578ee466b7f59617049daecb2105"/></properties></testcase><testcase name="tombstone-append" time="0.009689999999999999"><properties><property name="method" value="POST"/><property name="path" value="/sync/[REDACTED-ID]/envelopes"/><property name="status" value="201"/><property name="code" value=""/><property name="correlationId" value="RUN-239-04b33476c28d238a"/><property name="artifactHash" value="d50f45c40bc00820a98cd9187bc0c1bff6b792f87ef0cf12fb5e7f3e58b56e77"/></properties></testcase><testcase name="tombstone-non-resurrection" time="0.01312"><properties><property name="method" value="POST"/><property name="path" value="/sync/[REDACTED-ID]/envelopes"/><property name="status" value="409"/><property name="code" value="opaque_envelope_rejected"/><property name="correlationId" value="RUN-239-eb9bbc23e041b0c0"/><property name="artifactHash" value="6b2f59a081a490282edf8bf8d1b68712693d5bf1bd37b13689950a258c517772"/></properties></testcase><testcase name="recovery-unauthorized-tenant" time="0.00874"><properties><property name="method" value="GET"/><property name="path" value="/sync/[REDACTED-ID]/recovery?checkpointId=run-239-checkpoint&amp;deviceId=[REDACTED]&amp;enrollmentVersion=2"/><property name="status" value="404"/><property name="code" value="workspace_not_found"/><property name="correlationId" value="RUN-239-e546ce1b75b8753d"/><property name="artifactHash" value="1303503c601f994f24c22e1f798b24a7851e9e260d98e6635d69caf74268bca1"/></properties></testcase><testcase name="revoked-[REDACTED]" time="0.00886"><properties><property name="method" value="GET"/><property name="path" value="/sync/[REDACTED-ID]/envelopes?deviceId=[REDACTED]&amp;enrollmentVersion=2"/><property name="status" value="409"/><property name="code" value="device_lifecycle_rejected"/><property name="correlationId" value="RUN-239-b168d71da95941d6"/><property name="artifactHash" value="4506581cf98996de63d737c2149f9ef7d601e4963b8c28a5285663afccf524ea"/></properties></testcase><testcase name="revoked-[REDACTED]" time="0.00883"><properties><property name="method" value="POST"/><property name="path" value="/sync/[REDACTED-ID]/envelopes"/><property name="status" value="409"/><property name="code" value="opaque_envelope_rejected"/><property name="correlationId" value="RUN-239-34d5f6d5833deb48"/><property name="artifactHash" value="fe2b5761311d790d6f58ba7fba450493af437ab9810e75e4ae16dddde8bfa345"/></properties></testcase></testsuite>