<testsuite name="PZS-005 RUN-238" tests="23" failures="0"><testcase name="authorized_append_201"><properties><property name="runId" value="RUN-238"/><property name="streamId" value="stream-4eb708a8-0c8d-47ec-9ba0-c1ba216b051a"/><property name="method" value="POST"/><property name="url" value="http://localhost:8080/sync/7a4e2f39-159a-4a18-a5e1-074cd12f251a/envelopes"/><property name="status" value="201"/><property name="code" value=""/><property name="correlationId" value="transport-authorized_append_201"/></properties></testcase><testcase name="duplicate_200"><properties><property name="runId" value="RUN-238"/><property name="streamId" value="stream-4eb708a8-0c8d-47ec-9ba0-c1ba216b051a"/><property name="method" value="POST"/><property name="url" value="http://localhost:8080/sync/7a4e2f39-159a-4a18-a5e1-074cd12f251a/envelopes"/><property name="status" value="200"/><property name="code" value=""/><property name="correlationId" value="transport-duplicate_200"/></properties></testcase><testcase name="duplicate_conflict"><properties><property name="runId" value="RUN-238"/><property name="streamId" value="stream-4eb708a8-0c8d-47ec-9ba0-c1ba216b051a"/><property name="method" value="POST"/><property name="url" value="http://localhost:8080/sync/7a4e2f39-159a-4a18-a5e1-074cd12f251a/envelopes"/><property name="status" value="409"/><property name="code" value="opaque_envelope_rejected"/><property name="correlationId" value="transport-duplicate_conflict"/></properties></testcase><testcase name="authorized_fetch"><properties><property name="runId" value="RUN-238"/><property name="streamId" value="stream-4eb708a8-0c8d-47ec-9ba0-c1ba216b051a"/><property name="method" value="GET"/><property name="url" value="http://localhost:8080/sync/7a4e2f39-159a-4a18-a5e1-074cd12f251a/envelopes?deviceId=device-56e8771a-d3fb-4492-be1f-dabaa567a800&enrollmentVersion=2"/><property name="status" value="200"/><property name="code" value=""/><property name="correlationId" value="transport-authorized_fetch"/></properties></testcase><testcase name="cross_project"><properties><property name="runId" value="RUN-238"/><property name="streamId" value="stream-4eb708a8-0c8d-47ec-9ba0-c1ba216b051a"/><property name="method" value="GET"/><property name="url" value="http://localhost:8080/sync/c4aff7fc-181e-4670-a60d-818ebe697099/envelopes?deviceId=device-56e8771a-d3fb-4492-be1f-dabaa567a800&enrollmentVersion=2"/><property name="status" value="409"/><property name="code" value="device_lifecycle_rejected"/><property name="correlationId" value="transport-cross_project"/></properties></testcase><testcase name="cross_tenant"><properties><property name="runId" value="RUN-238"/><property name="streamId" value="stream-4eb708a8-0c8d-47ec-9ba0-c1ba216b051a"/><property name="method" value="GET"/><property name="url" value="http://localhost:8080/sync/b20725ab-ad90-4b26-9b28-5122485c348b/envelopes?deviceId=device-56e8771a-d3fb-4492-be1f-dabaa567a800&enrollmentVersion=2"/><property name="status" value="404"/><property name="code" value="workspace_not_found"/><property name="correlationId" value="transport-cross_tenant"/></properties></testcase><testcase name="revoked_device"><properties><property name="runId" value="RUN-238"/><property name="streamId" value="stream-4eb708a8-0c8d-47ec-9ba0-c1ba216b051a"/><property name="method" value="GET"/><property name="url" value="http://localhost:8080/sync/7a4e2f39-159a-4a18-a5e1-074cd12f251a/envelopes?deviceId=device-06c6d8e2-6d11-4a82-8355-e55d4fbb9f08&enrollmentVersion=1"/><property name="status" value="409"/><property name="code" value="device_lifecycle_rejected"/><property name="correlationId" value="transport-revoked_device"/></properties></testcase><testcase name="unenrolled_device"><properties><property name="runId" value="RUN-238"/><property name="streamId" value="stream-4eb708a8-0c8d-47ec-9ba0-c1ba216b051a"/><property name="method" value="GET"/><property name="url" value="http://localhost:8080/sync/7a4e2f39-159a-4a18-a5e1-074cd12f251a/envelopes?deviceId=device-d3566f35-84bc-4d24-ab50-3cae624be8da&enrollmentVersion=1"/><property name="status" value="409"/><property name="code" value="device_lifecycle_rejected"/><property name="correlationId" value="transport-unenrolled_device"/></properties></testcase><testcase name="malformed"><properties><property name="runId" value="RUN-238"/><property name="streamId" value="stream-4eb708a8-0c8d-47ec-9ba0-c1ba216b051a"/><property name="method" value="POST"/><property name="url" value="http://localhost:8080/sync/7a4e2f39-159a-4a18-a5e1-074cd12f251a/envelopes"/><property name="status" value="400"/><property name="code" value="invalid_request"/><property name="correlationId" value="transport-malformed"/></properties></testcase><testcase name="oversized"><properties><property name="runId" value="RUN-238"/><property name="streamId" value="stream-4eb708a8-0c8d-47ec-9ba0-c1ba216b051a"/><property name="method" value="POST"/><property name="url" value="http://localhost:8080/sync/7a4e2f39-159a-4a18-a5e1-074cd12f251a/envelopes"/><property name="status" value="400"/><property name="code" value="invalid_request"/><property name="correlationId" value="transport-oversized"/></properties></testcase><testcase name="unsupported_version"><properties><property name="runId" value="RUN-238"/><property name="streamId" value="stream-4eb708a8-0c8d-47ec-9ba0-c1ba216b051a"/><property name="method" value="POST"/><property name="url" value="http://localhost:8080/sync/7a4e2f39-159a-4a18-a5e1-074cd12f251a/envelopes"/><property name="status" value="400"/><property name="code" value="invalid_request"/><property name="correlationId" value="transport-unsupported_version"/></properties></testcase><testcase name="stale_base_409"><properties><property name="runId" value="RUN-238"/><property name="streamId" value="stream-4eb708a8-0c8d-47ec-9ba0-c1ba216b051a"/><property name="method" value="POST"/><property name="url" value="http://localhost:8080/sync/7a4e2f39-159a-4a18-a5e1-074cd12f251a/envelopes"/><property name="status" value="409"/><property name="code" value="opaque_envelope_rejected"/><property name="correlationId" value="transport-stale_base_409"/></properties></testcase><testcase name="rollback"><properties><property name="runId" value="RUN-238"/><property name="streamId" value="stream-4eb708a8-0c8d-47ec-9ba0-c1ba216b051a"/><property name="method" value="POST"/><property name="url" value="http://localhost:8080/sync/7a4e2f39-159a-4a18-a5e1-074cd12f251a/envelopes"/><property name="status" value="409"/><property name="code" value="opaque_envelope_rejected"/><property name="correlationId" value="transport-rollback"/></properties></testcase><testcase name="replay"><properties><property name="runId" value="RUN-238"/><property name="streamId" value="stream-4eb708a8-0c8d-47ec-9ba0-c1ba216b051a"/><property name="method" value="POST"/><property name="url" value="http://localhost:8080/sync/7a4e2f39-159a-4a18-a5e1-074cd12f251a/envelopes"/><property name="status" value="409"/><property name="code" value="opaque_envelope_rejected"/><property name="correlationId" value="transport-replay"/></properties></testcase><testcase name="valid_checkpoint"><properties><property name="runId" value="RUN-238"/><property name="streamId" value="stream-4eb708a8-0c8d-47ec-9ba0-c1ba216b051a"/><property name="method" value="POST"/><property name="url" value="http://localhost:8080/sync/7a4e2f39-159a-4a18-a5e1-074cd12f251a/checkpoints"/><property name="status" value="201"/><property name="code" value=""/><property name="correlationId" value="transport-valid_checkpoint"/></properties></testcase><testcase name="checkpoint_hash_mismatch"><properties><property name="runId" value="RUN-238"/><property name="streamId" value="stream-4eb708a8-0c8d-47ec-9ba0-c1ba216b051a"/><property name="method" value="POST"/><property name="url" value="http://localhost:8080/sync/7a4e2f39-159a-4a18-a5e1-074cd12f251a/checkpoints"/><property name="status" value="409"/><property name="code" value="checkpoint_rejected"/><property name="correlationId" value="transport-checkpoint_hash_mismatch"/></properties></testcase><testcase name="valid_recovery"><properties><property name="runId" value="RUN-238"/><property name="streamId" value="stream-4eb708a8-0c8d-47ec-9ba0-c1ba216b051a"/><property name="method" value="GET"/><property name="url" value="http://localhost:8080/sync/7a4e2f39-159a-4a18-a5e1-074cd12f251a/recovery?checkpointId=checkpoint-1&deviceId=device-56e8771a-d3fb-4492-be1f-dabaa567a800&enrollmentVersion=2&afterCursor=0&limit=10"/><property name="status" value="200"/><property name="code" value=""/><property name="correlationId" value="transport-valid_recovery"/></properties></testcase><testcase name="missing_checkpoint"><properties><property name="runId" value="RUN-238"/><property name="streamId" value="stream-4eb708a8-0c8d-47ec-9ba0-c1ba216b051a"/><property name="method" value="GET"/><property name="url" value="http://localhost:8080/sync/7a4e2f39-159a-4a18-a5e1-074cd12f251a/recovery?checkpointId=missing&deviceId=device-56e8771a-d3fb-4492-be1f-dabaa567a800&enrollmentVersion=2"/><property name="status" value="409"/><property name="code" value="recovery_chain_unavailable"/><property name="correlationId" value="transport-missing_checkpoint"/></properties></testcase><testcase name="pruned_cursor"><properties><property name="runId" value="RUN-238"/><property name="streamId" value="stream-4eb708a8-0c8d-47ec-9ba0-c1ba216b051a"/><property name="method" value="GET"/><property name="url" value="http://localhost:8080/sync/7a4e2f39-159a-4a18-a5e1-074cd12f251a/envelopes?afterCursor=0&deviceId=device-56e8771a-d3fb-4492-be1f-dabaa567a800&enrollmentVersion=2"/><property name="status" value="409"/><property name="code" value="cursor_recovery_required"/><property name="correlationId" value="transport-pruned_cursor"/></properties></testcase><testcase name="tombstone"><properties><property name="runId" value="RUN-238"/><property name="streamId" value="stream-4eb708a8-0c8d-47ec-9ba0-c1ba216b051a"/><property name="method" value="POST"/><property name="url" value="http://localhost:8080/sync/7a4e2f39-159a-4a18-a5e1-074cd12f251a/envelopes"/><property name="status" value="201"/><property name="code" value=""/><property name="correlationId" value="transport-tombstone"/></properties></testcase><testcase name="tombstone_resurrection"><properties><property name="runId" value="RUN-238"/><property name="streamId" value="stream-4eb708a8-0c8d-47ec-9ba0-c1ba216b051a"/><property name="method" value="POST"/><property name="url" value="http://localhost:8080/sync/7a4e2f39-159a-4a18-a5e1-074cd12f251a/envelopes"/><property name="status" value="409"/><property name="code" value="opaque_envelope_rejected"/><property name="correlationId" value="transport-tombstone_resurrection"/></properties></testcase><testcase name="retention_boundary"><properties><property name="runId" value="RUN-238"/><property name="streamId" value="stream-4eb708a8-0c8d-47ec-9ba0-c1ba216b051a"/><property name="method" value="GET"/><property name="url" value="http://localhost:8080/sync/7a4e2f39-159a-4a18-a5e1-074cd12f251a/envelopes?afterCursor=1&deviceId=device-56e8771a-d3fb-4492-be1f-dabaa567a800&enrollmentVersion=2"/><property name="status" value="200"/><property name="code" value=""/><property name="correlationId" value="transport-retention_boundary"/></properties></testcase><testcase name="device_lifecycle"><properties><property name="runId" value="RUN-238"/><property name="streamId" value="stream-4eb708a8-0c8d-47ec-9ba0-c1ba216b051a"/><property name="method" value="GET"/><property name="url" value="http://localhost:8080/sync/7a4e2f39-159a-4a18-a5e1-074cd12f251a/devices"/><property name="status" value="200"/><property name="code" value=""/><property name="correlationId" value="transport-device_lifecycle"/></properties></testcase></testsuite>