<testsuite name="PZS-005 local-pzs005-second" tests="23" failures="0"><testcase name="authorized_append_201"><properties><property name="runId" value="local-pzs005-second"/><property name="streamId" value="stream-03150b18-af7d-4fc6-8271-ce2c828e1d3b"/><property name="method" value="POST"/><property name="url" value="http://localhost:8080/sync/8b7cb8b7-50b8-47ff-a916-c91eee5b7b3d/envelopes"/><property name="status" value="201"/><property name="code" value=""/><property name="correlationId" value="transport-authorized_append_201"/></properties></testcase><testcase name="duplicate_200"><properties><property name="runId" value="local-pzs005-second"/><property name="streamId" value="stream-03150b18-af7d-4fc6-8271-ce2c828e1d3b"/><property name="method" value="POST"/><property name="url" value="http://localhost:8080/sync/8b7cb8b7-50b8-47ff-a916-c91eee5b7b3d/envelopes"/><property name="status" value="200"/><property name="code" value=""/><property name="correlationId" value="transport-duplicate_200"/></properties></testcase><testcase name="duplicate_conflict"><properties><property name="runId" value="local-pzs005-second"/><property name="streamId" value="stream-03150b18-af7d-4fc6-8271-ce2c828e1d3b"/><property name="method" value="POST"/><property name="url" value="http://localhost:8080/sync/8b7cb8b7-50b8-47ff-a916-c91eee5b7b3d/envelopes"/><property name="status" value="409"/><property name="code" value="opaque_envelope_rejected"/><property name="correlationId" value="transport-duplicate_conflict"/></properties></testcase><testcase name="authorized_fetch"><properties><property name="runId" value="local-pzs005-second"/><property name="streamId" value="stream-03150b18-af7d-4fc6-8271-ce2c828e1d3b"/><property name="method" value="GET"/><property name="url" value="http://localhost:8080/sync/8b7cb8b7-50b8-47ff-a916-c91eee5b7b3d/envelopes?deviceId=device-8366723e-efd2-4485-af3b-b4cd0161af4f&enrollmentVersion=2"/><property name="status" value="200"/><property name="code" value=""/><property name="correlationId" value="transport-authorized_fetch"/></properties></testcase><testcase name="cross_project"><properties><property name="runId" value="local-pzs005-second"/><property name="streamId" value="stream-03150b18-af7d-4fc6-8271-ce2c828e1d3b"/><property name="method" value="GET"/><property name="url" value="http://localhost:8080/sync/d7c17325-4099-4f8c-9811-7ce2e2452591/envelopes?deviceId=device-8366723e-efd2-4485-af3b-b4cd0161af4f&enrollmentVersion=2"/><property name="status" value="409"/><property name="code" value="device_lifecycle_rejected"/><property name="correlationId" value="transport-cross_project"/></properties></testcase><testcase name="cross_tenant"><properties><property name="runId" value="local-pzs005-second"/><property name="streamId" value="stream-03150b18-af7d-4fc6-8271-ce2c828e1d3b"/><property name="method" value="GET"/><property name="url" value="http://localhost:8080/sync/d28f830b-327a-447a-a5e2-08458d31d372/envelopes?deviceId=device-8366723e-efd2-4485-af3b-b4cd0161af4f&enrollmentVersion=2"/><property name="status" value="404"/><property name="code" value="workspace_not_found"/><property name="correlationId" value="transport-cross_tenant"/></properties></testcase><testcase name="revoked_device"><properties><property name="runId" value="local-pzs005-second"/><property name="streamId" value="stream-03150b18-af7d-4fc6-8271-ce2c828e1d3b"/><property name="method" value="GET"/><property name="url" value="http://localhost:8080/sync/8b7cb8b7-50b8-47ff-a916-c91eee5b7b3d/envelopes?deviceId=device-9ef32666-055e-47bb-bde8-40abb643dc8d&enrollmentVersion=1"/><property name="status" value="409"/><property name="code" value="device_lifecycle_rejected"/><property name="correlationId" value="transport-revoked_device"/></properties></testcase><testcase name="unenrolled_device"><properties><property name="runId" value="local-pzs005-second"/><property name="streamId" value="stream-03150b18-af7d-4fc6-8271-ce2c828e1d3b"/><property name="method" value="GET"/><property name="url" value="http://localhost:8080/sync/8b7cb8b7-50b8-47ff-a916-c91eee5b7b3d/envelopes?deviceId=device-03305fc0-1073-4c64-918c-1731c0bb43c0&enrollmentVersion=1"/><property name="status" value="409"/><property name="code" value="device_lifecycle_rejected"/><property name="correlationId" value="transport-unenrolled_device"/></properties></testcase><testcase name="malformed"><properties><property name="runId" value="local-pzs005-second"/><property name="streamId" value="stream-03150b18-af7d-4fc6-8271-ce2c828e1d3b"/><property name="method" value="POST"/><property name="url" value="http://localhost:8080/sync/8b7cb8b7-50b8-47ff-a916-c91eee5b7b3d/envelopes"/><property name="status" value="400"/><property name="code" value="invalid_request"/><property name="correlationId" value="transport-malformed"/></properties></testcase><testcase name="oversized"><properties><property name="runId" value="local-pzs005-second"/><property name="streamId" value="stream-03150b18-af7d-4fc6-8271-ce2c828e1d3b"/><property name="method" value="POST"/><property name="url" value="http://localhost:8080/sync/8b7cb8b7-50b8-47ff-a916-c91eee5b7b3d/envelopes"/><property name="status" value="400"/><property name="code" value="invalid_request"/><property name="correlationId" value="transport-oversized"/></properties></testcase><testcase name="unsupported_version"><properties><property name="runId" value="local-pzs005-second"/><property name="streamId" value="stream-03150b18-af7d-4fc6-8271-ce2c828e1d3b"/><property name="method" value="POST"/><property name="url" value="http://localhost:8080/sync/8b7cb8b7-50b8-47ff-a916-c91eee5b7b3d/envelopes"/><property name="status" value="400"/><property name="code" value="invalid_request"/><property name="correlationId" value="transport-unsupported_version"/></properties></testcase><testcase name="stale_base_409"><properties><property name="runId" value="local-pzs005-second"/><property name="streamId" value="stream-03150b18-af7d-4fc6-8271-ce2c828e1d3b"/><property name="method" value="POST"/><property name="url" value="http://localhost:8080/sync/8b7cb8b7-50b8-47ff-a916-c91eee5b7b3d/envelopes"/><property name="status" value="409"/><property name="code" value="opaque_envelope_rejected"/><property name="correlationId" value="transport-stale_base_409"/></properties></testcase><testcase name="rollback"><properties><property name="runId" value="local-pzs005-second"/><property name="streamId" value="stream-03150b18-af7d-4fc6-8271-ce2c828e1d3b"/><property name="method" value="POST"/><property name="url" value="http://localhost:8080/sync/8b7cb8b7-50b8-47ff-a916-c91eee5b7b3d/envelopes"/><property name="status" value="409"/><property name="code" value="opaque_envelope_rejected"/><property name="correlationId" value="transport-rollback"/></properties></testcase><testcase name="replay"><properties><property name="runId" value="local-pzs005-second"/><property name="streamId" value="stream-03150b18-af7d-4fc6-8271-ce2c828e1d3b"/><property name="method" value="POST"/><property name="url" value="http://localhost:8080/sync/8b7cb8b7-50b8-47ff-a916-c91eee5b7b3d/envelopes"/><property name="status" value="409"/><property name="code" value="opaque_envelope_rejected"/><property name="correlationId" value="transport-replay"/></properties></testcase><testcase name="valid_checkpoint"><properties><property name="runId" value="local-pzs005-second"/><property name="streamId" value="stream-03150b18-af7d-4fc6-8271-ce2c828e1d3b"/><property name="method" value="POST"/><property name="url" value="http://localhost:8080/sync/8b7cb8b7-50b8-47ff-a916-c91eee5b7b3d/checkpoints"/><property name="status" value="201"/><property name="code" value=""/><property name="correlationId" value="transport-valid_checkpoint"/></properties></testcase><testcase name="checkpoint_hash_mismatch"><properties><property name="runId" value="local-pzs005-second"/><property name="streamId" value="stream-03150b18-af7d-4fc6-8271-ce2c828e1d3b"/><property name="method" value="POST"/><property name="url" value="http://localhost:8080/sync/8b7cb8b7-50b8-47ff-a916-c91eee5b7b3d/checkpoints"/><property name="status" value="409"/><property name="code" value="checkpoint_rejected"/><property name="correlationId" value="transport-checkpoint_hash_mismatch"/></properties></testcase><testcase name="valid_recovery"><properties><property name="runId" value="local-pzs005-second"/><property name="streamId" value="stream-03150b18-af7d-4fc6-8271-ce2c828e1d3b"/><property name="method" value="GET"/><property name="url" value="http://localhost:8080/sync/8b7cb8b7-50b8-47ff-a916-c91eee5b7b3d/recovery?checkpointId=checkpoint-1&deviceId=device-8366723e-efd2-4485-af3b-b4cd0161af4f&enrollmentVersion=2&afterCursor=0&limit=10"/><property name="status" value="200"/><property name="code" value=""/><property name="correlationId" value="transport-valid_recovery"/></properties></testcase><testcase name="missing_checkpoint"><properties><property name="runId" value="local-pzs005-second"/><property name="streamId" value="stream-03150b18-af7d-4fc6-8271-ce2c828e1d3b"/><property name="method" value="GET"/><property name="url" value="http://localhost:8080/sync/8b7cb8b7-50b8-47ff-a916-c91eee5b7b3d/recovery?checkpointId=missing&deviceId=device-8366723e-efd2-4485-af3b-b4cd0161af4f&enrollmentVersion=2"/><property name="status" value="409"/><property name="code" value="recovery_chain_unavailable"/><property name="correlationId" value="transport-missing_checkpoint"/></properties></testcase><testcase name="pruned_cursor"><properties><property name="runId" value="local-pzs005-second"/><property name="streamId" value="stream-03150b18-af7d-4fc6-8271-ce2c828e1d3b"/><property name="method" value="GET"/><property name="url" value="http://localhost:8080/sync/8b7cb8b7-50b8-47ff-a916-c91eee5b7b3d/envelopes?afterCursor=0&deviceId=device-8366723e-efd2-4485-af3b-b4cd0161af4f&enrollmentVersion=2"/><property name="status" value="409"/><property name="code" value="cursor_recovery_required"/><property name="correlationId" value="transport-pruned_cursor"/></properties></testcase><testcase name="tombstone"><properties><property name="runId" value="local-pzs005-second"/><property name="streamId" value="stream-03150b18-af7d-4fc6-8271-ce2c828e1d3b"/><property name="method" value="POST"/><property name="url" value="http://localhost:8080/sync/8b7cb8b7-50b8-47ff-a916-c91eee5b7b3d/envelopes"/><property name="status" value="201"/><property name="code" value=""/><property name="correlationId" value="transport-tombstone"/></properties></testcase><testcase name="tombstone_resurrection"><properties><property name="runId" value="local-pzs005-second"/><property name="streamId" value="stream-03150b18-af7d-4fc6-8271-ce2c828e1d3b"/><property name="method" value="POST"/><property name="url" value="http://localhost:8080/sync/8b7cb8b7-50b8-47ff-a916-c91eee5b7b3d/envelopes"/><property name="status" value="409"/><property name="code" value="opaque_envelope_rejected"/><property name="correlationId" value="transport-tombstone_resurrection"/></properties></testcase><testcase name="retention_boundary"><properties><property name="runId" value="local-pzs005-second"/><property name="streamId" value="stream-03150b18-af7d-4fc6-8271-ce2c828e1d3b"/><property name="method" value="GET"/><property name="url" value="http://localhost:8080/sync/8b7cb8b7-50b8-47ff-a916-c91eee5b7b3d/envelopes?afterCursor=1&deviceId=device-8366723e-efd2-4485-af3b-b4cd0161af4f&enrollmentVersion=2"/><property name="status" value="200"/><property name="code" value=""/><property name="correlationId" value="transport-retention_boundary"/></properties></testcase><testcase name="device_lifecycle"><properties><property name="runId" value="local-pzs005-second"/><property name="streamId" value="stream-03150b18-af7d-4fc6-8271-ce2c828e1d3b"/><property name="method" value="GET"/><property name="url" value="http://localhost:8080/sync/8b7cb8b7-50b8-47ff-a916-c91eee5b7b3d/devices"/><property name="status" value="200"/><property name="code" value=""/><property name="correlationId" value="transport-device_lifecycle"/></properties></testcase></testsuite>