<?xml version="1.0" encoding="utf-8"?>
<testsuites errors="0" failures="1" skipped="0" tests="4" time="0.[REDACTED-PIN]">
  <testsuite name="schemathesis" hostname="viconsole" errors="0" failures="1" skipped="0" tests="4" time="0.[REDACTED-PIN]">
    <testcase name="POST /auth/passkey/registration/begin" time="0.[REDACTED-PIN]" />
    <testcase name="POST /auth/passkey/registration/complete" time="0.[REDACTED-PIN]">
      <failure type="failure">1. Test Case ID: INTWqi

- API rejected schema-compliant request

    Valid data should have been accepted
    Expected: 2xx, 401, 403, 404, 409, 5xx

[400] Bad Request:

    `{"code":"challenge_mismatch","message":"The passkey ceremony could not be completed."}`

Reproduce with:

    curl -X POST -H 'Origin: http://localhost:8096' -H 'Cookie: [Filtered]' -H 'Content-Type: application/json' -d '{"challengeId": "[REDACTED]", "response": {"id": "TCqbNmds3LENfmaz40ugmw", "rawId": "[REDACTED]", "response": {"clientDataJSON": "[REDACTED]", "attestationObject": "[REDACTED]", "transports": ["internal"]}, "type": "public-key", "clientExtensionResults": {}, "authenticatorAttachment": "platform"}}' http://localhost:8096/api/auth/passkey/registration/complete</failure>
    </testcase>
    <testcase name="POST /auth/passkey/authentication/begin" time="0.[REDACTED-PIN]" />
    <testcase name="POST /auth/passkey/authentication/complete" time="0.[REDACTED-PIN]" />
  </testsuite>
</testsuites>