<testsuite name="PZS-005 RUN-239" tests="23" failures="0"><testcase name="authorized_append_201"><properties><property name="runId" value="RUN-239"/><property name="streamId" value="stream-fb3111b6-65bf-402a-bcc3-82c600b43f9d"/><property name="method" value="POST"/><property name="url" value="http://localhost:8080/sync/af0aca6e-4ad3-4cce-937d-47e9f602ea61/envelopes"/><property name="status" value="201"/><property name="code" value=""/><property name="correlationId" value="transport-authorized_append_201"/></properties></testcase><testcase name="duplicate_200"><properties><property name="runId" value="RUN-239"/><property name="streamId" value="stream-fb3111b6-65bf-402a-bcc3-82c600b43f9d"/><property name="method" value="POST"/><property name="url" value="http://localhost:8080/sync/af0aca6e-4ad3-4cce-937d-47e9f602ea61/envelopes"/><property name="status" value="200"/><property name="code" value=""/><property name="correlationId" value="transport-duplicate_200"/></properties></testcase><testcase name="duplicate_conflict"><properties><property name="runId" value="RUN-239"/><property name="streamId" value="stream-fb3111b6-65bf-402a-bcc3-82c600b43f9d"/><property name="method" value="POST"/><property name="url" value="http://localhost:8080/sync/af0aca6e-4ad3-4cce-937d-47e9f602ea61/envelopes"/><property name="status" value="409"/><property name="code" value="opaque_envelope_rejected"/><property name="correlationId" value="transport-duplicate_conflict"/></properties></testcase><testcase name="authorized_fetch"><properties><property name="runId" value="RUN-239"/><property name="streamId" value="stream-fb3111b6-65bf-402a-bcc3-82c600b43f9d"/><property name="method" value="GET"/><property name="url" value="http://localhost:8080/sync/af0aca6e-4ad3-4cce-937d-47e9f602ea61/envelopes?deviceId=device-ba3dae51-1ae1-4e4d-9f41-fcebd9bec3ea&enrollmentVersion=2"/><property name="status" value="200"/><property name="code" value=""/><property name="correlationId" value="transport-authorized_fetch"/></properties></testcase><testcase name="cross_project"><properties><property name="runId" value="RUN-239"/><property name="streamId" value="stream-fb3111b6-65bf-402a-bcc3-82c600b43f9d"/><property name="method" value="GET"/><property name="url" value="http://localhost:8080/sync/3ff80eb3-1799-48fe-a285-4b0fd2365744/envelopes?deviceId=device-ba3dae51-1ae1-4e4d-9f41-fcebd9bec3ea&enrollmentVersion=2"/><property name="status" value="409"/><property name="code" value="device_lifecycle_rejected"/><property name="correlationId" value="transport-cross_project"/></properties></testcase><testcase name="cross_tenant"><properties><property name="runId" value="RUN-239"/><property name="streamId" value="stream-fb3111b6-65bf-402a-bcc3-82c600b43f9d"/><property name="method" value="GET"/><property name="url" value="http://localhost:8080/sync/1a9f18e4-6a7f-4cdc-8433-fdd28d80f998/envelopes?deviceId=device-ba3dae51-1ae1-4e4d-9f41-fcebd9bec3ea&enrollmentVersion=2"/><property name="status" value="404"/><property name="code" value="workspace_not_found"/><property name="correlationId" value="transport-cross_tenant"/></properties></testcase><testcase name="revoked_device"><properties><property name="runId" value="RUN-239"/><property name="streamId" value="stream-fb3111b6-65bf-402a-bcc3-82c600b43f9d"/><property name="method" value="GET"/><property name="url" value="http://localhost:8080/sync/af0aca6e-4ad3-4cce-937d-47e9f602ea61/envelopes?deviceId=device-1e53ebd0-e00e-499c-880e-62bf6473fd9c&enrollmentVersion=1"/><property name="status" value="409"/><property name="code" value="device_lifecycle_rejected"/><property name="correlationId" value="transport-revoked_device"/></properties></testcase><testcase name="unenrolled_device"><properties><property name="runId" value="RUN-239"/><property name="streamId" value="stream-fb3111b6-65bf-402a-bcc3-82c600b43f9d"/><property name="method" value="GET"/><property name="url" value="http://localhost:8080/sync/af0aca6e-4ad3-4cce-937d-47e9f602ea61/envelopes?deviceId=device-9c490aee-f8d2-4dbf-8d91-a83481816db4&enrollmentVersion=1"/><property name="status" value="409"/><property name="code" value="device_lifecycle_rejected"/><property name="correlationId" value="transport-unenrolled_device"/></properties></testcase><testcase name="malformed"><properties><property name="runId" value="RUN-239"/><property name="streamId" value="stream-fb3111b6-65bf-402a-bcc3-82c600b43f9d"/><property name="method" value="POST"/><property name="url" value="http://localhost:8080/sync/af0aca6e-4ad3-4cce-937d-47e9f602ea61/envelopes"/><property name="status" value="400"/><property name="code" value="invalid_request"/><property name="correlationId" value="transport-malformed"/></properties></testcase><testcase name="oversized"><properties><property name="runId" value="RUN-239"/><property name="streamId" value="stream-fb3111b6-65bf-402a-bcc3-82c600b43f9d"/><property name="method" value="POST"/><property name="url" value="http://localhost:8080/sync/af0aca6e-4ad3-4cce-937d-47e9f602ea61/envelopes"/><property name="status" value="400"/><property name="code" value="invalid_request"/><property name="correlationId" value="transport-oversized"/></properties></testcase><testcase name="unsupported_version"><properties><property name="runId" value="RUN-239"/><property name="streamId" value="stream-fb3111b6-65bf-402a-bcc3-82c600b43f9d"/><property name="method" value="POST"/><property name="url" value="http://localhost:8080/sync/af0aca6e-4ad3-4cce-937d-47e9f602ea61/envelopes"/><property name="status" value="400"/><property name="code" value="invalid_request"/><property name="correlationId" value="transport-unsupported_version"/></properties></testcase><testcase name="stale_base_409"><properties><property name="runId" value="RUN-239"/><property name="streamId" value="stream-fb3111b6-65bf-402a-bcc3-82c600b43f9d"/><property name="method" value="POST"/><property name="url" value="http://localhost:8080/sync/af0aca6e-4ad3-4cce-937d-47e9f602ea61/envelopes"/><property name="status" value="409"/><property name="code" value="opaque_envelope_rejected"/><property name="correlationId" value="transport-stale_base_409"/></properties></testcase><testcase name="rollback"><properties><property name="runId" value="RUN-239"/><property name="streamId" value="stream-fb3111b6-65bf-402a-bcc3-82c600b43f9d"/><property name="method" value="POST"/><property name="url" value="http://localhost:8080/sync/af0aca6e-4ad3-4cce-937d-47e9f602ea61/envelopes"/><property name="status" value="409"/><property name="code" value="opaque_envelope_rejected"/><property name="correlationId" value="transport-rollback"/></properties></testcase><testcase name="replay"><properties><property name="runId" value="RUN-239"/><property name="streamId" value="stream-fb3111b6-65bf-402a-bcc3-82c600b43f9d"/><property name="method" value="POST"/><property name="url" value="http://localhost:8080/sync/af0aca6e-4ad3-4cce-937d-47e9f602ea61/envelopes"/><property name="status" value="409"/><property name="code" value="opaque_envelope_rejected"/><property name="correlationId" value="transport-replay"/></properties></testcase><testcase name="valid_checkpoint"><properties><property name="runId" value="RUN-239"/><property name="streamId" value="stream-fb3111b6-65bf-402a-bcc3-82c600b43f9d"/><property name="method" value="POST"/><property name="url" value="http://localhost:8080/sync/af0aca6e-4ad3-4cce-937d-47e9f602ea61/checkpoints"/><property name="status" value="201"/><property name="code" value=""/><property name="correlationId" value="transport-valid_checkpoint"/></properties></testcase><testcase name="checkpoint_hash_mismatch"><properties><property name="runId" value="RUN-239"/><property name="streamId" value="stream-fb3111b6-65bf-402a-bcc3-82c600b43f9d"/><property name="method" value="POST"/><property name="url" value="http://localhost:8080/sync/af0aca6e-4ad3-4cce-937d-47e9f602ea61/checkpoints"/><property name="status" value="409"/><property name="code" value="checkpoint_rejected"/><property name="correlationId" value="transport-checkpoint_hash_mismatch"/></properties></testcase><testcase name="valid_recovery"><properties><property name="runId" value="RUN-239"/><property name="streamId" value="stream-fb3111b6-65bf-402a-bcc3-82c600b43f9d"/><property name="method" value="GET"/><property name="url" value="http://localhost:8080/sync/af0aca6e-4ad3-4cce-937d-47e9f602ea61/recovery?checkpointId=checkpoint-1&deviceId=device-ba3dae51-1ae1-4e4d-9f41-fcebd9bec3ea&enrollmentVersion=2&afterCursor=0&limit=10"/><property name="status" value="200"/><property name="code" value=""/><property name="correlationId" value="transport-valid_recovery"/></properties></testcase><testcase name="missing_checkpoint"><properties><property name="runId" value="RUN-239"/><property name="streamId" value="stream-fb3111b6-65bf-402a-bcc3-82c600b43f9d"/><property name="method" value="GET"/><property name="url" value="http://localhost:8080/sync/af0aca6e-4ad3-4cce-937d-47e9f602ea61/recovery?checkpointId=missing&deviceId=device-ba3dae51-1ae1-4e4d-9f41-fcebd9bec3ea&enrollmentVersion=2"/><property name="status" value="409"/><property name="code" value="recovery_chain_unavailable"/><property name="correlationId" value="transport-missing_checkpoint"/></properties></testcase><testcase name="pruned_cursor"><properties><property name="runId" value="RUN-239"/><property name="streamId" value="stream-fb3111b6-65bf-402a-bcc3-82c600b43f9d"/><property name="method" value="GET"/><property name="url" value="http://localhost:8080/sync/af0aca6e-4ad3-4cce-937d-47e9f602ea61/envelopes?afterCursor=0&deviceId=device-ba3dae51-1ae1-4e4d-9f41-fcebd9bec3ea&enrollmentVersion=2"/><property name="status" value="409"/><property name="code" value="cursor_recovery_required"/><property name="correlationId" value="transport-pruned_cursor"/></properties></testcase><testcase name="tombstone"><properties><property name="runId" value="RUN-239"/><property name="streamId" value="stream-fb3111b6-65bf-402a-bcc3-82c600b43f9d"/><property name="method" value="POST"/><property name="url" value="http://localhost:8080/sync/af0aca6e-4ad3-4cce-937d-47e9f602ea61/envelopes"/><property name="status" value="201"/><property name="code" value=""/><property name="correlationId" value="transport-tombstone"/></properties></testcase><testcase name="tombstone_resurrection"><properties><property name="runId" value="RUN-239"/><property name="streamId" value="stream-fb3111b6-65bf-402a-bcc3-82c600b43f9d"/><property name="method" value="POST"/><property name="url" value="http://localhost:8080/sync/af0aca6e-4ad3-4cce-937d-47e9f602ea61/envelopes"/><property name="status" value="409"/><property name="code" value="opaque_envelope_rejected"/><property name="correlationId" value="transport-tombstone_resurrection"/></properties></testcase><testcase name="retention_boundary"><properties><property name="runId" value="RUN-239"/><property name="streamId" value="stream-fb3111b6-65bf-402a-bcc3-82c600b43f9d"/><property name="method" value="GET"/><property name="url" value="http://localhost:8080/sync/af0aca6e-4ad3-4cce-937d-47e9f602ea61/envelopes?afterCursor=1&deviceId=device-ba3dae51-1ae1-4e4d-9f41-fcebd9bec3ea&enrollmentVersion=2"/><property name="status" value="200"/><property name="code" value=""/><property name="correlationId" value="transport-retention_boundary"/></properties></testcase><testcase name="device_lifecycle"><properties><property name="runId" value="RUN-239"/><property name="streamId" value="stream-fb3111b6-65bf-402a-bcc3-82c600b43f9d"/><property name="method" value="GET"/><property name="url" value="http://localhost:8080/sync/af0aca6e-4ad3-4cce-937d-47e9f602ea61/devices"/><property name="status" value="200"/><property name="code" value=""/><property name="correlationId" value="transport-device_lifecycle"/></properties></testcase></testsuite>