<testsuite name="PZS-005 local-current" tests="23" failures="0"><testcase name="authorized_append_201"><properties><property name="runId" value="local-current"/><property name="streamId" value="stream-f7ad192b-16af-4b96-960d-8e5c9881d2ab"/><property name="method" value="POST"/><property name="url" value="http://localhost:8080/sync/cf13c0ce-7ad5-40c5-ac32-9847a0ec236f/envelopes"/><property name="status" value="201"/><property name="code" value=""/><property name="correlationId" value="transport-authorized_append_201"/></properties></testcase><testcase name="duplicate_200"><properties><property name="runId" value="local-current"/><property name="streamId" value="stream-f7ad192b-16af-4b96-960d-8e5c9881d2ab"/><property name="method" value="POST"/><property name="url" value="http://localhost:8080/sync/cf13c0ce-7ad5-40c5-ac32-9847a0ec236f/envelopes"/><property name="status" value="200"/><property name="code" value=""/><property name="correlationId" value="transport-duplicate_200"/></properties></testcase><testcase name="duplicate_conflict"><properties><property name="runId" value="local-current"/><property name="streamId" value="stream-f7ad192b-16af-4b96-960d-8e5c9881d2ab"/><property name="method" value="POST"/><property name="url" value="http://localhost:8080/sync/cf13c0ce-7ad5-40c5-ac32-9847a0ec236f/envelopes"/><property name="status" value="409"/><property name="code" value="opaque_envelope_rejected"/><property name="correlationId" value="transport-duplicate_conflict"/></properties></testcase><testcase name="authorized_fetch"><properties><property name="runId" value="local-current"/><property name="streamId" value="stream-f7ad192b-16af-4b96-960d-8e5c9881d2ab"/><property name="method" value="GET"/><property name="url" value="http://localhost:8080/sync/cf13c0ce-7ad5-40c5-ac32-9847a0ec236f/envelopes?deviceId=device-2c8bccf8-bea6-4e5c-b15e-869b7a9d636a&enrollmentVersion=2"/><property name="status" value="200"/><property name="code" value=""/><property name="correlationId" value="transport-authorized_fetch"/></properties></testcase><testcase name="cross_project"><properties><property name="runId" value="local-current"/><property name="streamId" value="stream-f7ad192b-16af-4b96-960d-8e5c9881d2ab"/><property name="method" value="GET"/><property name="url" value="http://localhost:8080/sync/56dda021-b0f2-44d5-943d-069a899c6e5d/envelopes?deviceId=device-2c8bccf8-bea6-4e5c-b15e-869b7a9d636a&enrollmentVersion=2"/><property name="status" value="409"/><property name="code" value="device_lifecycle_rejected"/><property name="correlationId" value="transport-cross_project"/></properties></testcase><testcase name="cross_tenant"><properties><property name="runId" value="local-current"/><property name="streamId" value="stream-f7ad192b-16af-4b96-960d-8e5c9881d2ab"/><property name="method" value="GET"/><property name="url" value="http://localhost:8080/sync/05b23ec9-8480-49bb-abb6-367be7491a6d/envelopes?deviceId=device-2c8bccf8-bea6-4e5c-b15e-869b7a9d636a&enrollmentVersion=2"/><property name="status" value="404"/><property name="code" value="workspace_not_found"/><property name="correlationId" value="transport-cross_tenant"/></properties></testcase><testcase name="revoked_device"><properties><property name="runId" value="local-current"/><property name="streamId" value="stream-f7ad192b-16af-4b96-960d-8e5c9881d2ab"/><property name="method" value="GET"/><property name="url" value="http://localhost:8080/sync/cf13c0ce-7ad5-40c5-ac32-9847a0ec236f/envelopes?deviceId=device-3028a814-fa5c-4b9c-bc69-ff9982b9e4f6&enrollmentVersion=1"/><property name="status" value="409"/><property name="code" value="device_lifecycle_rejected"/><property name="correlationId" value="transport-revoked_device"/></properties></testcase><testcase name="unenrolled_device"><properties><property name="runId" value="local-current"/><property name="streamId" value="stream-f7ad192b-16af-4b96-960d-8e5c9881d2ab"/><property name="method" value="GET"/><property name="url" value="http://localhost:8080/sync/cf13c0ce-7ad5-40c5-ac32-9847a0ec236f/envelopes?deviceId=device-ff0bf393-9f28-4b44-8407-a3024992b25c&enrollmentVersion=1"/><property name="status" value="409"/><property name="code" value="device_lifecycle_rejected"/><property name="correlationId" value="transport-unenrolled_device"/></properties></testcase><testcase name="malformed"><properties><property name="runId" value="local-current"/><property name="streamId" value="stream-f7ad192b-16af-4b96-960d-8e5c9881d2ab"/><property name="method" value="POST"/><property name="url" value="http://localhost:8080/sync/cf13c0ce-7ad5-40c5-ac32-9847a0ec236f/envelopes"/><property name="status" value="400"/><property name="code" value="invalid_request"/><property name="correlationId" value="transport-malformed"/></properties></testcase><testcase name="oversized"><properties><property name="runId" value="local-current"/><property name="streamId" value="stream-f7ad192b-16af-4b96-960d-8e5c9881d2ab"/><property name="method" value="POST"/><property name="url" value="http://localhost:8080/sync/cf13c0ce-7ad5-40c5-ac32-9847a0ec236f/envelopes"/><property name="status" value="400"/><property name="code" value="invalid_request"/><property name="correlationId" value="transport-oversized"/></properties></testcase><testcase name="unsupported_version"><properties><property name="runId" value="local-current"/><property name="streamId" value="stream-f7ad192b-16af-4b96-960d-8e5c9881d2ab"/><property name="method" value="POST"/><property name="url" value="http://localhost:8080/sync/cf13c0ce-7ad5-40c5-ac32-9847a0ec236f/envelopes"/><property name="status" value="400"/><property name="code" value="invalid_request"/><property name="correlationId" value="transport-unsupported_version"/></properties></testcase><testcase name="stale_base_409"><properties><property name="runId" value="local-current"/><property name="streamId" value="stream-f7ad192b-16af-4b96-960d-8e5c9881d2ab"/><property name="method" value="POST"/><property name="url" value="http://localhost:8080/sync/cf13c0ce-7ad5-40c5-ac32-9847a0ec236f/envelopes"/><property name="status" value="409"/><property name="code" value="opaque_envelope_rejected"/><property name="correlationId" value="transport-stale_base_409"/></properties></testcase><testcase name="rollback"><properties><property name="runId" value="local-current"/><property name="streamId" value="stream-f7ad192b-16af-4b96-960d-8e5c9881d2ab"/><property name="method" value="POST"/><property name="url" value="http://localhost:8080/sync/cf13c0ce-7ad5-40c5-ac32-9847a0ec236f/envelopes"/><property name="status" value="409"/><property name="code" value="opaque_envelope_rejected"/><property name="correlationId" value="transport-rollback"/></properties></testcase><testcase name="replay"><properties><property name="runId" value="local-current"/><property name="streamId" value="stream-f7ad192b-16af-4b96-960d-8e5c9881d2ab"/><property name="method" value="POST"/><property name="url" value="http://localhost:8080/sync/cf13c0ce-7ad5-40c5-ac32-9847a0ec236f/envelopes"/><property name="status" value="409"/><property name="code" value="opaque_envelope_rejected"/><property name="correlationId" value="transport-replay"/></properties></testcase><testcase name="valid_checkpoint"><properties><property name="runId" value="local-current"/><property name="streamId" value="stream-f7ad192b-16af-4b96-960d-8e5c9881d2ab"/><property name="method" value="POST"/><property name="url" value="http://localhost:8080/sync/cf13c0ce-7ad5-40c5-ac32-9847a0ec236f/checkpoints"/><property name="status" value="201"/><property name="code" value=""/><property name="correlationId" value="transport-valid_checkpoint"/></properties></testcase><testcase name="checkpoint_hash_mismatch"><properties><property name="runId" value="local-current"/><property name="streamId" value="stream-f7ad192b-16af-4b96-960d-8e5c9881d2ab"/><property name="method" value="POST"/><property name="url" value="http://localhost:8080/sync/cf13c0ce-7ad5-40c5-ac32-9847a0ec236f/checkpoints"/><property name="status" value="409"/><property name="code" value="checkpoint_rejected"/><property name="correlationId" value="transport-checkpoint_hash_mismatch"/></properties></testcase><testcase name="valid_recovery"><properties><property name="runId" value="local-current"/><property name="streamId" value="stream-f7ad192b-16af-4b96-960d-8e5c9881d2ab"/><property name="method" value="GET"/><property name="url" value="http://localhost:8080/sync/cf13c0ce-7ad5-40c5-ac32-9847a0ec236f/recovery?checkpointId=checkpoint-1&deviceId=device-2c8bccf8-bea6-4e5c-b15e-869b7a9d636a&enrollmentVersion=2&afterCursor=0&limit=10"/><property name="status" value="200"/><property name="code" value=""/><property name="correlationId" value="transport-valid_recovery"/></properties></testcase><testcase name="missing_checkpoint"><properties><property name="runId" value="local-current"/><property name="streamId" value="stream-f7ad192b-16af-4b96-960d-8e5c9881d2ab"/><property name="method" value="GET"/><property name="url" value="http://localhost:8080/sync/cf13c0ce-7ad5-40c5-ac32-9847a0ec236f/recovery?checkpointId=missing&deviceId=device-2c8bccf8-bea6-4e5c-b15e-869b7a9d636a&enrollmentVersion=2"/><property name="status" value="409"/><property name="code" value="recovery_chain_unavailable"/><property name="correlationId" value="transport-missing_checkpoint"/></properties></testcase><testcase name="pruned_cursor"><properties><property name="runId" value="local-current"/><property name="streamId" value="stream-f7ad192b-16af-4b96-960d-8e5c9881d2ab"/><property name="method" value="GET"/><property name="url" value="http://localhost:8080/sync/cf13c0ce-7ad5-40c5-ac32-9847a0ec236f/envelopes?afterCursor=0&deviceId=device-2c8bccf8-bea6-4e5c-b15e-869b7a9d636a&enrollmentVersion=2"/><property name="status" value="409"/><property name="code" value="cursor_recovery_required"/><property name="correlationId" value="transport-pruned_cursor"/></properties></testcase><testcase name="tombstone"><properties><property name="runId" value="local-current"/><property name="streamId" value="stream-f7ad192b-16af-4b96-960d-8e5c9881d2ab"/><property name="method" value="POST"/><property name="url" value="http://localhost:8080/sync/cf13c0ce-7ad5-40c5-ac32-9847a0ec236f/envelopes"/><property name="status" value="201"/><property name="code" value=""/><property name="correlationId" value="transport-tombstone"/></properties></testcase><testcase name="tombstone_resurrection"><properties><property name="runId" value="local-current"/><property name="streamId" value="stream-f7ad192b-16af-4b96-960d-8e5c9881d2ab"/><property name="method" value="POST"/><property name="url" value="http://localhost:8080/sync/cf13c0ce-7ad5-40c5-ac32-9847a0ec236f/envelopes"/><property name="status" value="409"/><property name="code" value="opaque_envelope_rejected"/><property name="correlationId" value="transport-tombstone_resurrection"/></properties></testcase><testcase name="retention_boundary"><properties><property name="runId" value="local-current"/><property name="streamId" value="stream-f7ad192b-16af-4b96-960d-8e5c9881d2ab"/><property name="method" value="GET"/><property name="url" value="http://localhost:8080/sync/cf13c0ce-7ad5-40c5-ac32-9847a0ec236f/envelopes?afterCursor=1&deviceId=device-2c8bccf8-bea6-4e5c-b15e-869b7a9d636a&enrollmentVersion=2"/><property name="status" value="200"/><property name="code" value=""/><property name="correlationId" value="transport-retention_boundary"/></properties></testcase><testcase name="device_lifecycle"><properties><property name="runId" value="local-current"/><property name="streamId" value="stream-f7ad192b-16af-4b96-960d-8e5c9881d2ab"/><property name="method" value="GET"/><property name="url" value="http://localhost:8080/sync/cf13c0ce-7ad5-40c5-ac32-9847a0ec236f/devices"/><property name="status" value="200"/><property name="code" value=""/><property name="correlationId" value="transport-device_lifecycle"/></properties></testcase></testsuite>