<testsuite name="PZS-005 RUN-237" tests="23" failures="0"><testcase name="authorized_append_201"><properties><property name="runId" value="RUN-237"/><property name="streamId" value="stream-ad334c85-0a1b-4bf7-9206-c4252384cb56"/><property name="method" value="POST"/><property name="url" value="http://localhost:8085/sync/9312a8f9-22bf-4a17-a410-c2aa3c17af34/envelopes"/><property name="status" value="201"/><property name="code" value=""/><property name="correlationId" value="transport-authorized_append_201"/></properties></testcase><testcase name="duplicate_200"><properties><property name="runId" value="RUN-237"/><property name="streamId" value="stream-ad334c85-0a1b-4bf7-9206-c4252384cb56"/><property name="method" value="POST"/><property name="url" value="http://localhost:8085/sync/9312a8f9-22bf-4a17-a410-c2aa3c17af34/envelopes"/><property name="status" value="200"/><property name="code" value=""/><property name="correlationId" value="transport-duplicate_200"/></properties></testcase><testcase name="duplicate_conflict"><properties><property name="runId" value="RUN-237"/><property name="streamId" value="stream-ad334c85-0a1b-4bf7-9206-c4252384cb56"/><property name="method" value="POST"/><property name="url" value="http://localhost:8085/sync/9312a8f9-22bf-4a17-a410-c2aa3c17af34/envelopes"/><property name="status" value="409"/><property name="code" value="opaque_envelope_rejected"/><property name="correlationId" value="transport-duplicate_conflict"/></properties></testcase><testcase name="authorized_fetch"><properties><property name="runId" value="RUN-237"/><property name="streamId" value="stream-ad334c85-0a1b-4bf7-9206-c4252384cb56"/><property name="method" value="GET"/><property name="url" value="http://localhost:8085/sync/9312a8f9-22bf-4a17-a410-c2aa3c17af34/envelopes?deviceId=device-c7b77222-ece1-41f0-840d-04b168d2bfa9&enrollmentVersion=2"/><property name="status" value="200"/><property name="code" value=""/><property name="correlationId" value="transport-authorized_fetch"/></properties></testcase><testcase name="cross_project"><properties><property name="runId" value="RUN-237"/><property name="streamId" value="stream-ad334c85-0a1b-4bf7-9206-c4252384cb56"/><property name="method" value="GET"/><property name="url" value="http://localhost:8085/sync/54e47628-f761-4cc4-8206-7f4f355cb787/envelopes?deviceId=device-c7b77222-ece1-41f0-840d-04b168d2bfa9&enrollmentVersion=2"/><property name="status" value="409"/><property name="code" value="device_lifecycle_rejected"/><property name="correlationId" value="transport-cross_project"/></properties></testcase><testcase name="cross_tenant"><properties><property name="runId" value="RUN-237"/><property name="streamId" value="stream-ad334c85-0a1b-4bf7-9206-c4252384cb56"/><property name="method" value="GET"/><property name="url" value="http://localhost:8085/sync/7278b6fb-4bcd-4954-8cbb-f467d1b6a1c9/envelopes?deviceId=device-c7b77222-ece1-41f0-840d-04b168d2bfa9&enrollmentVersion=2"/><property name="status" value="404"/><property name="code" value="workspace_not_found"/><property name="correlationId" value="transport-cross_tenant"/></properties></testcase><testcase name="revoked_device"><properties><property name="runId" value="RUN-237"/><property name="streamId" value="stream-ad334c85-0a1b-4bf7-9206-c4252384cb56"/><property name="method" value="GET"/><property name="url" value="http://localhost:8085/sync/9312a8f9-22bf-4a17-a410-c2aa3c17af34/envelopes?deviceId=device-de61b637-11be-42f4-8363-72b4dd085baa&enrollmentVersion=1"/><property name="status" value="409"/><property name="code" value="device_lifecycle_rejected"/><property name="correlationId" value="transport-revoked_device"/></properties></testcase><testcase name="unenrolled_device"><properties><property name="runId" value="RUN-237"/><property name="streamId" value="stream-ad334c85-0a1b-4bf7-9206-c4252384cb56"/><property name="method" value="GET"/><property name="url" value="http://localhost:8085/sync/9312a8f9-22bf-4a17-a410-c2aa3c17af34/envelopes?deviceId=device-55b248e1-86fb-46b8-865b-c2407c79fb75&enrollmentVersion=1"/><property name="status" value="409"/><property name="code" value="device_lifecycle_rejected"/><property name="correlationId" value="transport-unenrolled_device"/></properties></testcase><testcase name="malformed"><properties><property name="runId" value="RUN-237"/><property name="streamId" value="stream-ad334c85-0a1b-4bf7-9206-c4252384cb56"/><property name="method" value="POST"/><property name="url" value="http://localhost:8085/sync/9312a8f9-22bf-4a17-a410-c2aa3c17af34/envelopes"/><property name="status" value="400"/><property name="code" value="invalid_request"/><property name="correlationId" value="transport-malformed"/></properties></testcase><testcase name="oversized"><properties><property name="runId" value="RUN-237"/><property name="streamId" value="stream-ad334c85-0a1b-4bf7-9206-c4252384cb56"/><property name="method" value="POST"/><property name="url" value="http://localhost:8085/sync/9312a8f9-22bf-4a17-a410-c2aa3c17af34/envelopes"/><property name="status" value="400"/><property name="code" value="invalid_request"/><property name="correlationId" value="transport-oversized"/></properties></testcase><testcase name="unsupported_version"><properties><property name="runId" value="RUN-237"/><property name="streamId" value="stream-ad334c85-0a1b-4bf7-9206-c4252384cb56"/><property name="method" value="POST"/><property name="url" value="http://localhost:8085/sync/9312a8f9-22bf-4a17-a410-c2aa3c17af34/envelopes"/><property name="status" value="400"/><property name="code" value="invalid_request"/><property name="correlationId" value="transport-unsupported_version"/></properties></testcase><testcase name="stale_base_409"><properties><property name="runId" value="RUN-237"/><property name="streamId" value="stream-ad334c85-0a1b-4bf7-9206-c4252384cb56"/><property name="method" value="POST"/><property name="url" value="http://localhost:8085/sync/9312a8f9-22bf-4a17-a410-c2aa3c17af34/envelopes"/><property name="status" value="409"/><property name="code" value="opaque_envelope_rejected"/><property name="correlationId" value="transport-stale_base_409"/></properties></testcase><testcase name="rollback"><properties><property name="runId" value="RUN-237"/><property name="streamId" value="stream-ad334c85-0a1b-4bf7-9206-c4252384cb56"/><property name="method" value="POST"/><property name="url" value="http://localhost:8085/sync/9312a8f9-22bf-4a17-a410-c2aa3c17af34/envelopes"/><property name="status" value="409"/><property name="code" value="opaque_envelope_rejected"/><property name="correlationId" value="transport-rollback"/></properties></testcase><testcase name="replay"><properties><property name="runId" value="RUN-237"/><property name="streamId" value="stream-ad334c85-0a1b-4bf7-9206-c4252384cb56"/><property name="method" value="POST"/><property name="url" value="http://localhost:8085/sync/9312a8f9-22bf-4a17-a410-c2aa3c17af34/envelopes"/><property name="status" value="409"/><property name="code" value="opaque_envelope_rejected"/><property name="correlationId" value="transport-replay"/></properties></testcase><testcase name="valid_checkpoint"><properties><property name="runId" value="RUN-237"/><property name="streamId" value="stream-ad334c85-0a1b-4bf7-9206-c4252384cb56"/><property name="method" value="POST"/><property name="url" value="http://localhost:8085/sync/9312a8f9-22bf-4a17-a410-c2aa3c17af34/checkpoints"/><property name="status" value="201"/><property name="code" value=""/><property name="correlationId" value="transport-valid_checkpoint"/></properties></testcase><testcase name="checkpoint_hash_mismatch"><properties><property name="runId" value="RUN-237"/><property name="streamId" value="stream-ad334c85-0a1b-4bf7-9206-c4252384cb56"/><property name="method" value="POST"/><property name="url" value="http://localhost:8085/sync/9312a8f9-22bf-4a17-a410-c2aa3c17af34/checkpoints"/><property name="status" value="409"/><property name="code" value="checkpoint_rejected"/><property name="correlationId" value="transport-checkpoint_hash_mismatch"/></properties></testcase><testcase name="valid_recovery"><properties><property name="runId" value="RUN-237"/><property name="streamId" value="stream-ad334c85-0a1b-4bf7-9206-c4252384cb56"/><property name="method" value="GET"/><property name="url" value="http://localhost:8085/sync/9312a8f9-22bf-4a17-a410-c2aa3c17af34/recovery?checkpointId=checkpoint-1&deviceId=device-c7b77222-ece1-41f0-840d-04b168d2bfa9&enrollmentVersion=2&afterCursor=0&limit=10"/><property name="status" value="200"/><property name="code" value=""/><property name="correlationId" value="transport-valid_recovery"/></properties></testcase><testcase name="missing_checkpoint"><properties><property name="runId" value="RUN-237"/><property name="streamId" value="stream-ad334c85-0a1b-4bf7-9206-c4252384cb56"/><property name="method" value="GET"/><property name="url" value="http://localhost:8085/sync/9312a8f9-22bf-4a17-a410-c2aa3c17af34/recovery?checkpointId=missing&deviceId=device-c7b77222-ece1-41f0-840d-04b168d2bfa9&enrollmentVersion=2"/><property name="status" value="409"/><property name="code" value="recovery_chain_unavailable"/><property name="correlationId" value="transport-missing_checkpoint"/></properties></testcase><testcase name="pruned_cursor"><properties><property name="runId" value="RUN-237"/><property name="streamId" value="stream-ad334c85-0a1b-4bf7-9206-c4252384cb56"/><property name="method" value="GET"/><property name="url" value="http://localhost:8085/sync/9312a8f9-22bf-4a17-a410-c2aa3c17af34/envelopes?afterCursor=0&deviceId=device-c7b77222-ece1-41f0-840d-04b168d2bfa9&enrollmentVersion=2"/><property name="status" value="409"/><property name="code" value="cursor_recovery_required"/><property name="correlationId" value="transport-pruned_cursor"/></properties></testcase><testcase name="tombstone"><properties><property name="runId" value="RUN-237"/><property name="streamId" value="stream-ad334c85-0a1b-4bf7-9206-c4252384cb56"/><property name="method" value="POST"/><property name="url" value="http://localhost:8085/sync/9312a8f9-22bf-4a17-a410-c2aa3c17af34/envelopes"/><property name="status" value="201"/><property name="code" value=""/><property name="correlationId" value="transport-tombstone"/></properties></testcase><testcase name="tombstone_resurrection"><properties><property name="runId" value="RUN-237"/><property name="streamId" value="stream-ad334c85-0a1b-4bf7-9206-c4252384cb56"/><property name="method" value="POST"/><property name="url" value="http://localhost:8085/sync/9312a8f9-22bf-4a17-a410-c2aa3c17af34/envelopes"/><property name="status" value="409"/><property name="code" value="opaque_envelope_rejected"/><property name="correlationId" value="transport-tombstone_resurrection"/></properties></testcase><testcase name="retention_boundary"><properties><property name="runId" value="RUN-237"/><property name="streamId" value="stream-ad334c85-0a1b-4bf7-9206-c4252384cb56"/><property name="method" value="GET"/><property name="url" value="http://localhost:8085/sync/9312a8f9-22bf-4a17-a410-c2aa3c17af34/envelopes?afterCursor=1&deviceId=device-c7b77222-ece1-41f0-840d-04b168d2bfa9&enrollmentVersion=2"/><property name="status" value="200"/><property name="code" value=""/><property name="correlationId" value="transport-retention_boundary"/></properties></testcase><testcase name="device_lifecycle"><properties><property name="runId" value="RUN-237"/><property name="streamId" value="stream-ad334c85-0a1b-4bf7-9206-c4252384cb56"/><property name="method" value="GET"/><property name="url" value="http://localhost:8085/sync/9312a8f9-22bf-4a17-a410-c2aa3c17af34/devices"/><property name="status" value="200"/><property name="code" value=""/><property name="correlationId" value="transport-device_lifecycle"/></properties></testcase></testsuite>