<testsuite name="PZS-005 RUN-238 OpenAPI sync HTTP" tests="21"><testcase name="append-201" time="0.01266"><properties><property name="method" value="POST"/><property name="path" value="/sync/[REDACTED-ID]/envelopes"/><property name="status" value="409"/><property name="code" value="opaque_envelope_rejected"/><property name="correlationId" value="RUN-238-5d7aa688901b440c"/><property name="artifactHash" value="3b8e2d537f9e4eedaf798abdaacce2b6085b690ab7f46cb9449b51dfcd16644f"/></properties></testcase><testcase name="duplicate-200" time="0.01345"><properties><property name="method" value="POST"/><property name="path" value="/sync/[REDACTED-ID]/envelopes"/><property name="status" value="409"/><property name="code" value="opaque_envelope_rejected"/><property name="correlationId" value="RUN-238-15cb51099f06b56c"/><property name="artifactHash" value="86681bce8216070223a0397cd42ad9d1a55a86a2dce13ddc57bc521cae96658e"/></properties></testcase><testcase name="duplicate-conflict" time="0.01248"><properties><property name="method" value="POST"/><property name="path" value="/sync/[REDACTED-ID]/envelopes"/><property name="status" value="409"/><property name="code" value="opaque_envelope_rejected"/><property name="correlationId" value="RUN-238-596251b8404733ba"/><property name="artifactHash" value="b775b2cfe9d696f232c05fac49fd036334a94ec1723b60a06b1d7a979ef148ac"/></properties></testcase><testcase name="cross-project" time="0.00965"><properties><property name="method" value="POST"/><property name="path" value="/sync/[REDACTED-ID]/envelopes"/><property name="status" value="404"/><property name="code" value="workspace_not_found"/><property name="correlationId" value="RUN-238-e25f1ba708521b53"/><property name="artifactHash" value="063d4f40354a47b93d74a0b20d384aeaa64b2a554ea5c9dfce6e6b3681bea92f"/></properties></testcase><testcase name="cross-tenant" time="0.00879"><properties><property name="method" value="GET"/><property name="path" value="/sync/[REDACTED-ID]/envelopes"/><property name="status" value="400"/><property name="code" value="invalid_request"/><property name="correlationId" value="RUN-238-ceb02f3d2bf60d6b"/><property name="artifactHash" value="24ef1b08452395efe98b0555d781631d0cae91aac0387bee57d233fa03b5518b"/></properties></testcase><testcase name="malformed" time="0.0061200000000000004"><properties><property name="method" value="POST"/><property name="path" value="/sync/[REDACTED-ID]/envelopes"/><property name="status" value="400"/><property name="code" value="invalid_request"/><property name="correlationId" value="RUN-238-84154455b2bc4043"/><property name="artifactHash" value="09d8c3a1af83272dd15108786b4ad8d8ba2eace8062ca3fbc2fb230e9acf5016"/></properties></testcase><testcase name="oversized" time="0.00943"><properties><property name="method" value="POST"/><property name="path" value="/sync/[REDACTED-ID]/envelopes"/><property name="status" value="400"/><property name="code" value="invalid_request"/><property name="correlationId" value="RUN-238-6633cf2aba74e907"/><property name="artifactHash" value="3b4a7a4eb66a0cdd59c490d4f4400cd822e9b31cf89756116187d560d70e5d9a"/></properties></testcase><testcase name="unsupported-version" time="0.00784"><properties><property name="method" value="POST"/><property name="path" value="/sync/[REDACTED-ID]/envelopes"/><property name="status" value="400"/><property name="code" value="invalid_request"/><property name="correlationId" value="RUN-238-7733e2c4ff8865df"/><property name="artifactHash" value="bc9a6975bb5ee5fd7a9043e9cdc45162cd16b33ca0a14f74f8be96001b210402"/></properties></testcase><testcase name="stale-base" time="0.01287"><properties><property name="method" value="POST"/><property name="path" value="/sync/[REDACTED-ID]/envelopes"/><property name="status" value="409"/><property name="code" value="opaque_envelope_rejected"/><property name="correlationId" value="RUN-238-e5143fee9268439a"/><property name="artifactHash" value="e9bc4928ec527c7172cd41f69cc6d383caee99a030482fbcebc9301fdd5b17ac"/></properties></testcase><testcase name="replay-rollback" time="0.0070999999999999995"><properties><property name="method" value="POST"/><property name="path" value="/sync/[REDACTED-ID]/envelopes"/><property name="status" value="400"/><property name="code" value="invalid_request"/><property name="correlationId" value="RUN-238-454d5545eef61a02"/><property name="artifactHash" value="02bc392688781253dee5a3877cb3f6cfd34629ebd337406625464e9bb4cf25ea"/></properties></testcase><testcase name="checkpoint-success" time="0.01694"><properties><property name="method" value="POST"/><property name="path" value="/sync/[REDACTED-ID]/checkpoints"/><property name="status" value="409"/><property name="code" value="checkpoint_rejected"/><property name="correlationId" value="RUN-238-ec0659e2a34d1c5b"/><property name="artifactHash" value="45c481e4b18a11dcff37c2a352c0cb57d2fc028e6811231e4f66f047cc96425a"/></properties></testcase><testcase name="checkpoint-mismatch" time="0.01852"><properties><property name="method" value="POST"/><property name="path" value="/sync/[REDACTED-ID]/checkpoints"/><property name="status" value="409"/><property name="code" value="checkpoint_rejected"/><property name="correlationId" value="RUN-238-5ecc382065acd130"/><property name="artifactHash" value="a561ec1235c2939cc25d2f6e311ec2786f2e84918e83ea71eff73a72e17e86d8"/></properties></testcase><testcase name="recovery-success" time="0.01447"><properties><property name="method" value="GET"/><property name="path" value="/sync/[REDACTED-ID]/recovery?checkpointId=run-238-checkpoint&amp;deviceId=[REDACTED]&amp;enrollmentVersion=1&amp;afterCursor=0&amp;limit=100"/><property name="status" value="409"/><property name="code" value="recovery_chain_unavailable"/><property name="correlationId" value="RUN-238-53661872ad76e951"/><property name="artifactHash" value="e442ed7d946206e29347de064dd3f73c239f3c6b0886d2577a12bbbc1d9235a7"/></properties></testcase><testcase name="recovery-missing-checkpoint" time="0.00924"><properties><property name="method" value="GET"/><property name="path" value="/sync/[REDACTED-ID]/recovery?checkpointId=run-238-missing&amp;deviceId=[REDACTED]&amp;enrollmentVersion=1"/><property name="status" value="409"/><property name="code" value="recovery_chain_unavailable"/><property name="correlationId" value="RUN-238-0494bcb74c46c5aa"/><property name="artifactHash" value="955cf64d54cc231825f25e2095258e25d883be0c5ffe486f8074f44f1230aaee"/></properties></testcase><testcase name="recovery-malformed-query" time="0.008"><properties><property name="method" value="GET"/><property name="path" value="/sync/[REDACTED-ID]/recovery?checkpointId=&amp;deviceId=[REDACTED]&amp;enrollmentVersion=1"/><property name="status" value="400"/><property name="code" value="invalid_request"/><property name="correlationId" value="RUN-238-b26e33a3ce293b46"/><property name="artifactHash" value="f24da39165e34dbfc76fda08ac9d41416af098e2a035b5350836a58e4c50a66c"/></properties></testcase><testcase name="retention-pruned-cursor" time="0.01022"><properties><property name="method" value="GET"/><property name="path" value="/sync/[REDACTED-ID]/envelopes?afterCursor=[REDACTED-PIN]&amp;limit=100&amp;deviceId=[REDACTED]&amp;enrollmentVersion=1"/><property name="status" value="409"/><property name="code" value="device_lifecycle_rejected"/><property name="correlationId" value="RUN-238-0d71d28698b14efb"/><property name="artifactHash" value="d8c3221984de5f715b7722bd6951f77c903df303f5fcba85ba1b39141804dcaf"/></properties></testcase><testcase name="tombstone-append" time="0.01027"><properties><property name="method" value="POST"/><property name="path" value="/sync/[REDACTED-ID]/envelopes"/><property name="status" value="409"/><property name="code" value="opaque_envelope_rejected"/><property name="correlationId" value="RUN-238-a656323dec6a9b12"/><property name="artifactHash" value="7ab5eb9965a701daf8e4e3f9992d4460eb3d369bc486f9da93b332f4bc965739"/></properties></testcase><testcase name="tombstone-non-resurrection" time="0.01011"><properties><property name="method" value="POST"/><property name="path" value="/sync/[REDACTED-ID]/envelopes"/><property name="status" value="409"/><property name="code" value="opaque_envelope_rejected"/><property name="correlationId" value="RUN-238-ce0cd29d5482c58b"/><property name="artifactHash" value="a31aa05a75ab5fcb2ac87b02837f304efb7c90ff228ea991209e21d2145a37e7"/></properties></testcase><testcase name="recovery-unauthorized-tenant" time="0.0071200000000000005"><properties><property name="method" value="GET"/><property name="path" value="/sync/[REDACTED-ID]/recovery?checkpointId=run-238-checkpoint&amp;deviceId=[REDACTED]&amp;enrollmentVersion=1"/><property name="status" value="404"/><property name="code" value="workspace_not_found"/><property name="correlationId" value="RUN-238-7e34389913e2776b"/><property name="artifactHash" value="df34782ac67152d1e4394f7ea53dc86e9d2cc31429d17d912989c3b0a3c3db7d"/></properties></testcase><testcase name="revoked-[REDACTED]" time="0.00937"><properties><property name="method" value="GET"/><property name="path" value="/sync/[REDACTED-ID]/envelopes?deviceId=[REDACTED]&amp;enrollmentVersion=1"/><property name="status" value="409"/><property name="code" value="device_lifecycle_rejected"/><property name="correlationId" value="RUN-238-9e88bc5040307351"/><property name="artifactHash" value="b8e1fbf238837bae662e3a7813c9570940c02c53595ed8239005a2cd66a2a470"/></properties></testcase><testcase name="revoked-[REDACTED]" time="0.009880000000000002"><properties><property name="method" value="POST"/><property name="path" value="/sync/[REDACTED-ID]/envelopes"/><property name="status" value="409"/><property name="code" value="opaque_envelope_rejected"/><property name="correlationId" value="RUN-238-ab8db7130aa19daf"/><property name="artifactHash" value="ae1763ca35f5f8f8e24af3864accf31071ebb68533f491e0be57a90acbf4aa3c"/></properties></testcase></testsuite>