<testsuite name="PZS-005 local-pzs005-fourth" tests="23" failures="0"><testcase name="authorized_append_201"><properties><property name="runId" value="local-pzs005-fourth"/><property name="streamId" value="stream-4b49d852-1f38-4e53-b10a-ee1989695751"/><property name="method" value="POST"/><property name="url" value="http://localhost:8080/sync/0d369b80-3116-4c82-a312-07175931dd51/envelopes"/><property name="status" value="201"/><property name="code" value=""/><property name="correlationId" value="transport-authorized_append_201"/></properties></testcase><testcase name="duplicate_200"><properties><property name="runId" value="local-pzs005-fourth"/><property name="streamId" value="stream-4b49d852-1f38-4e53-b10a-ee1989695751"/><property name="method" value="POST"/><property name="url" value="http://localhost:8080/sync/0d369b80-3116-4c82-a312-07175931dd51/envelopes"/><property name="status" value="200"/><property name="code" value=""/><property name="correlationId" value="transport-duplicate_200"/></properties></testcase><testcase name="duplicate_conflict"><properties><property name="runId" value="local-pzs005-fourth"/><property name="streamId" value="stream-4b49d852-1f38-4e53-b10a-ee1989695751"/><property name="method" value="POST"/><property name="url" value="http://localhost:8080/sync/0d369b80-3116-4c82-a312-07175931dd51/envelopes"/><property name="status" value="409"/><property name="code" value="opaque_envelope_rejected"/><property name="correlationId" value="transport-duplicate_conflict"/></properties></testcase><testcase name="authorized_fetch"><properties><property name="runId" value="local-pzs005-fourth"/><property name="streamId" value="stream-4b49d852-1f38-4e53-b10a-ee1989695751"/><property name="method" value="GET"/><property name="url" value="http://localhost:8080/sync/0d369b80-3116-4c82-a312-07175931dd51/envelopes?deviceId=device-d6c315b1-1121-46c2-8585-e801715f94be&enrollmentVersion=2"/><property name="status" value="200"/><property name="code" value=""/><property name="correlationId" value="transport-authorized_fetch"/></properties></testcase><testcase name="cross_project"><properties><property name="runId" value="local-pzs005-fourth"/><property name="streamId" value="stream-4b49d852-1f38-4e53-b10a-ee1989695751"/><property name="method" value="GET"/><property name="url" value="http://localhost:8080/sync/32d6eb9b-d5ff-48b1-951a-a6c148c9c94d/envelopes?deviceId=device-d6c315b1-1121-46c2-8585-e801715f94be&enrollmentVersion=2"/><property name="status" value="409"/><property name="code" value="device_lifecycle_rejected"/><property name="correlationId" value="transport-cross_project"/></properties></testcase><testcase name="cross_tenant"><properties><property name="runId" value="local-pzs005-fourth"/><property name="streamId" value="stream-4b49d852-1f38-4e53-b10a-ee1989695751"/><property name="method" value="GET"/><property name="url" value="http://localhost:8080/sync/574be759-1c08-4a2d-b8be-0b92a265c4d5/envelopes?deviceId=device-d6c315b1-1121-46c2-8585-e801715f94be&enrollmentVersion=2"/><property name="status" value="404"/><property name="code" value="workspace_not_found"/><property name="correlationId" value="transport-cross_tenant"/></properties></testcase><testcase name="revoked_device"><properties><property name="runId" value="local-pzs005-fourth"/><property name="streamId" value="stream-4b49d852-1f38-4e53-b10a-ee1989695751"/><property name="method" value="GET"/><property name="url" value="http://localhost:8080/sync/0d369b80-3116-4c82-a312-07175931dd51/envelopes?deviceId=device-fe8c1e21-f028-4cd5-8e50-f916af444351&enrollmentVersion=1"/><property name="status" value="409"/><property name="code" value="device_lifecycle_rejected"/><property name="correlationId" value="transport-revoked_device"/></properties></testcase><testcase name="unenrolled_device"><properties><property name="runId" value="local-pzs005-fourth"/><property name="streamId" value="stream-4b49d852-1f38-4e53-b10a-ee1989695751"/><property name="method" value="GET"/><property name="url" value="http://localhost:8080/sync/0d369b80-3116-4c82-a312-07175931dd51/envelopes?deviceId=device-51c6f9b0-aaf2-4bfd-99f4-f184300758ca&enrollmentVersion=1"/><property name="status" value="409"/><property name="code" value="device_lifecycle_rejected"/><property name="correlationId" value="transport-unenrolled_device"/></properties></testcase><testcase name="malformed"><properties><property name="runId" value="local-pzs005-fourth"/><property name="streamId" value="stream-4b49d852-1f38-4e53-b10a-ee1989695751"/><property name="method" value="POST"/><property name="url" value="http://localhost:8080/sync/0d369b80-3116-4c82-a312-07175931dd51/envelopes"/><property name="status" value="400"/><property name="code" value="invalid_request"/><property name="correlationId" value="transport-malformed"/></properties></testcase><testcase name="oversized"><properties><property name="runId" value="local-pzs005-fourth"/><property name="streamId" value="stream-4b49d852-1f38-4e53-b10a-ee1989695751"/><property name="method" value="POST"/><property name="url" value="http://localhost:8080/sync/0d369b80-3116-4c82-a312-07175931dd51/envelopes"/><property name="status" value="400"/><property name="code" value="invalid_request"/><property name="correlationId" value="transport-oversized"/></properties></testcase><testcase name="unsupported_version"><properties><property name="runId" value="local-pzs005-fourth"/><property name="streamId" value="stream-4b49d852-1f38-4e53-b10a-ee1989695751"/><property name="method" value="POST"/><property name="url" value="http://localhost:8080/sync/0d369b80-3116-4c82-a312-07175931dd51/envelopes"/><property name="status" value="400"/><property name="code" value="invalid_request"/><property name="correlationId" value="transport-unsupported_version"/></properties></testcase><testcase name="stale_base_409"><properties><property name="runId" value="local-pzs005-fourth"/><property name="streamId" value="stream-4b49d852-1f38-4e53-b10a-ee1989695751"/><property name="method" value="POST"/><property name="url" value="http://localhost:8080/sync/0d369b80-3116-4c82-a312-07175931dd51/envelopes"/><property name="status" value="409"/><property name="code" value="opaque_envelope_rejected"/><property name="correlationId" value="transport-stale_base_409"/></properties></testcase><testcase name="rollback"><properties><property name="runId" value="local-pzs005-fourth"/><property name="streamId" value="stream-4b49d852-1f38-4e53-b10a-ee1989695751"/><property name="method" value="POST"/><property name="url" value="http://localhost:8080/sync/0d369b80-3116-4c82-a312-07175931dd51/envelopes"/><property name="status" value="409"/><property name="code" value="opaque_envelope_rejected"/><property name="correlationId" value="transport-rollback"/></properties></testcase><testcase name="replay"><properties><property name="runId" value="local-pzs005-fourth"/><property name="streamId" value="stream-4b49d852-1f38-4e53-b10a-ee1989695751"/><property name="method" value="POST"/><property name="url" value="http://localhost:8080/sync/0d369b80-3116-4c82-a312-07175931dd51/envelopes"/><property name="status" value="409"/><property name="code" value="opaque_envelope_rejected"/><property name="correlationId" value="transport-replay"/></properties></testcase><testcase name="valid_checkpoint"><properties><property name="runId" value="local-pzs005-fourth"/><property name="streamId" value="stream-4b49d852-1f38-4e53-b10a-ee1989695751"/><property name="method" value="POST"/><property name="url" value="http://localhost:8080/sync/0d369b80-3116-4c82-a312-07175931dd51/checkpoints"/><property name="status" value="201"/><property name="code" value=""/><property name="correlationId" value="transport-valid_checkpoint"/></properties></testcase><testcase name="checkpoint_hash_mismatch"><properties><property name="runId" value="local-pzs005-fourth"/><property name="streamId" value="stream-4b49d852-1f38-4e53-b10a-ee1989695751"/><property name="method" value="POST"/><property name="url" value="http://localhost:8080/sync/0d369b80-3116-4c82-a312-07175931dd51/checkpoints"/><property name="status" value="409"/><property name="code" value="checkpoint_rejected"/><property name="correlationId" value="transport-checkpoint_hash_mismatch"/></properties></testcase><testcase name="valid_recovery"><properties><property name="runId" value="local-pzs005-fourth"/><property name="streamId" value="stream-4b49d852-1f38-4e53-b10a-ee1989695751"/><property name="method" value="GET"/><property name="url" value="http://localhost:8080/sync/0d369b80-3116-4c82-a312-07175931dd51/recovery?checkpointId=checkpoint-1&deviceId=device-d6c315b1-1121-46c2-8585-e801715f94be&enrollmentVersion=2&afterCursor=0&limit=10"/><property name="status" value="200"/><property name="code" value=""/><property name="correlationId" value="transport-valid_recovery"/></properties></testcase><testcase name="missing_checkpoint"><properties><property name="runId" value="local-pzs005-fourth"/><property name="streamId" value="stream-4b49d852-1f38-4e53-b10a-ee1989695751"/><property name="method" value="GET"/><property name="url" value="http://localhost:8080/sync/0d369b80-3116-4c82-a312-07175931dd51/recovery?checkpointId=missing&deviceId=device-d6c315b1-1121-46c2-8585-e801715f94be&enrollmentVersion=2"/><property name="status" value="409"/><property name="code" value="recovery_chain_unavailable"/><property name="correlationId" value="transport-missing_checkpoint"/></properties></testcase><testcase name="pruned_cursor"><properties><property name="runId" value="local-pzs005-fourth"/><property name="streamId" value="stream-4b49d852-1f38-4e53-b10a-ee1989695751"/><property name="method" value="GET"/><property name="url" value="http://localhost:8080/sync/0d369b80-3116-4c82-a312-07175931dd51/envelopes?afterCursor=0&deviceId=device-d6c315b1-1121-46c2-8585-e801715f94be&enrollmentVersion=2"/><property name="status" value="409"/><property name="code" value="cursor_recovery_required"/><property name="correlationId" value="transport-pruned_cursor"/></properties></testcase><testcase name="tombstone"><properties><property name="runId" value="local-pzs005-fourth"/><property name="streamId" value="stream-4b49d852-1f38-4e53-b10a-ee1989695751"/><property name="method" value="POST"/><property name="url" value="http://localhost:8080/sync/0d369b80-3116-4c82-a312-07175931dd51/envelopes"/><property name="status" value="201"/><property name="code" value=""/><property name="correlationId" value="transport-tombstone"/></properties></testcase><testcase name="tombstone_resurrection"><properties><property name="runId" value="local-pzs005-fourth"/><property name="streamId" value="stream-4b49d852-1f38-4e53-b10a-ee1989695751"/><property name="method" value="POST"/><property name="url" value="http://localhost:8080/sync/0d369b80-3116-4c82-a312-07175931dd51/envelopes"/><property name="status" value="409"/><property name="code" value="opaque_envelope_rejected"/><property name="correlationId" value="transport-tombstone_resurrection"/></properties></testcase><testcase name="retention_boundary"><properties><property name="runId" value="local-pzs005-fourth"/><property name="streamId" value="stream-4b49d852-1f38-4e53-b10a-ee1989695751"/><property name="method" value="GET"/><property name="url" value="http://localhost:8080/sync/0d369b80-3116-4c82-a312-07175931dd51/envelopes?afterCursor=1&deviceId=device-d6c315b1-1121-46c2-8585-e801715f94be&enrollmentVersion=2"/><property name="status" value="200"/><property name="code" value=""/><property name="correlationId" value="transport-retention_boundary"/></properties></testcase><testcase name="device_lifecycle"><properties><property name="runId" value="local-pzs005-fourth"/><property name="streamId" value="stream-4b49d852-1f38-4e53-b10a-ee1989695751"/><property name="method" value="GET"/><property name="url" value="http://localhost:8080/sync/0d369b80-3116-4c82-a312-07175931dd51/devices"/><property name="status" value="200"/><property name="code" value=""/><property name="correlationId" value="transport-device_lifecycle"/></properties></testcase></testsuite>