<?xml version="1.0" encoding="UTF-8"?>
<testsuite name="pzs-005-run-216-sync" tests="20" failures="0"><testcase name="append-201"/><testcase name="duplicate-200"/><testcase name="duplicate-conflict"/><testcase name="cross-project"/><testcase name="cross-tenant"/><testcase name="revoked-device"/><testcase name="malformed"/><testcase name="oversized"/><testcase name="unsupported-version"/><testcase name="stale-base-409"/><testcase name="replay-rollback"/><testcase name="checkpoint-success"/><testcase name="checkpoint-mismatch"/><testcase name="recovery-success"/><testcase name="recovery-missing-checkpoint"/><testcase name="recovery-malformed-query"/><testcase name="cursor-recovery-required-409"/><testcase name="tombstone-append"/><testcase name="tombstone-non-resurrection"/><testcase name="retention-recovery"/></testsuite>
