<testsuite name="PZS-005 RUN-256 OpenAPI sync HTTP" tests="21"><testcase name="append-201" time="0.00746"><properties><property name="method" value="POST"/><property name="path" value="/sync/[REDACTED-ID]/envelopes"/><property name="status" value="201"/><property name="code" value=""/><property name="correlationId" value="RUN-256-580b77421d55ed88"/><property name="artifactHash" value="cd0d59eb6b5a28e2fd68d9c4d458e917eeb64cb6c04cb29017f3baccafd9eb1c"/></properties></testcase><testcase name="duplicate-200" time="0.00571"><properties><property name="method" value="POST"/><property name="path" value="/sync/[REDACTED-ID]/envelopes"/><property name="status" value="200"/><property name="code" value=""/><property name="correlationId" value="RUN-256-4b62fe7b05e82867"/><property name="artifactHash" value="69918d1b6d4e98748ba5a3b9fe54591a93d405ee38fc1039287aa2f877e0aed5"/></properties></testcase><testcase name="duplicate-conflict" time="0.00782"><properties><property name="method" value="POST"/><property name="path" value="/sync/[REDACTED-ID]/envelopes"/><property name="status" value="409"/><property name="code" value="opaque_envelope_rejected"/><property name="correlationId" value="RUN-256-94450d8774b73346"/><property name="artifactHash" value="c895d37ca59c459cb284a489001a4fb5058094d29dea6b09ccdb56bf643a3c9d"/></properties></testcase><testcase name="cross-project" time="0.00415"><properties><property name="method" value="POST"/><property name="path" value="/sync/[REDACTED-ID]/envelopes"/><property name="status" value="404"/><property name="code" value="workspace_not_found"/><property name="correlationId" value="RUN-256-643ddbb54d2c151b"/><property name="artifactHash" value="256a486e0d5adfbc1b6c004ac3dbacd2f60c47b98358704eca38d1e8f54e91ca"/></properties></testcase><testcase name="cross-tenant" time="0.00704"><properties><property name="method" value="GET"/><property name="path" value="/sync/[REDACTED-ID]/envelopes?deviceId=[REDACTED]&amp;enrollmentVersion=2"/><property name="status" value="404"/><property name="code" value="workspace_not_found"/><property name="correlationId" value="RUN-256-fddb90d0c676e6a1"/><property name="artifactHash" value="96b9185f5c22e209289b2bb784bdefceb2addc390a843e525efca2472e0603ab"/></properties></testcase><testcase name="malformed" time="0.00392"><properties><property name="method" value="POST"/><property name="path" value="/sync/[REDACTED-ID]/envelopes"/><property name="status" value="400"/><property name="code" value="invalid_request"/><property name="correlationId" value="RUN-256-454e9c955e329b9a"/><property name="artifactHash" value="473098a32b11632130015c10a99680e0eebdbd4edd1233dedd4469e1eae45f95"/></properties></testcase><testcase name="oversized" time="0.00369"><properties><property name="method" value="POST"/><property name="path" value="/sync/[REDACTED-ID]/envelopes"/><property name="status" value="400"/><property name="code" value="invalid_request"/><property name="correlationId" value="RUN-256-8b9f76c3f8fdd300"/><property name="artifactHash" value="f08394df1170fc2b4c16d94b49204d20f0e810f2c86fa6a42148587e13e94301"/></properties></testcase><testcase name="unsupported-version" time="0.00347"><properties><property name="method" value="POST"/><property name="path" value="/sync/[REDACTED-ID]/envelopes"/><property name="status" value="400"/><property name="code" value="invalid_request"/><property name="correlationId" value="RUN-256-5ecc39c29f6e3837"/><property name="artifactHash" value="43455251b8d29ec99fd6ce23074b56eaf31101dbe7d9a810078321da034fbe52"/></properties></testcase><testcase name="stale-base" time="0.00705"><properties><property name="method" value="POST"/><property name="path" value="/sync/[REDACTED-ID]/envelopes"/><property name="status" value="409"/><property name="code" value="opaque_envelope_rejected"/><property name="correlationId" value="RUN-256-4c350a2e3cbe750e"/><property name="artifactHash" value="8dceff1732a7061f0d12b272a683fe5aaf30dc2884cd5191e649eacb8ddd17b4"/></properties></testcase><testcase name="replay-rollback" time="0.00566"><properties><property name="method" value="POST"/><property name="path" value="/sync/[REDACTED-ID]/envelopes"/><property name="status" value="409"/><property name="code" value="opaque_envelope_rejected"/><property name="correlationId" value="RUN-256-41a6b844893672b2"/><property name="artifactHash" value="d7f0d1b8e6a3650bc259200455787a2529738152d670ce7fa2cf3951c32a3a10"/></properties></testcase><testcase name="checkpoint-success" time="0.00584"><properties><property name="method" value="POST"/><property name="path" value="/sync/[REDACTED-ID]/checkpoints"/><property name="status" value="201"/><property name="code" value=""/><property name="correlationId" value="RUN-256-950f6eff43869893"/><property name="artifactHash" value="283428882f4b124cb43abfe937403cd8b0f25d71e7cbd155e92380e7879dea44"/></properties></testcase><testcase name="checkpoint-mismatch" time="0.00561"><properties><property name="method" value="POST"/><property name="path" value="/sync/[REDACTED-ID]/checkpoints"/><property name="status" value="409"/><property name="code" value="checkpoint_rejected"/><property name="correlationId" value="RUN-256-ac2d0035f604cac6"/><property name="artifactHash" value="f7acdcb9900901239b3adf5c31d9a623a7ad5217e9de3827c3cfbfa0f15dbbba"/></properties></testcase><testcase name="recovery-success" time="0.00658"><properties><property name="method" value="GET"/><property name="path" value="/sync/[REDACTED-ID]/recovery?checkpointId=run-256-checkpoint&amp;deviceId=[REDACTED]&amp;enrollmentVersion=2&amp;afterCursor=0&amp;limit=100"/><property name="status" value="200"/><property name="code" value=""/><property name="correlationId" value="RUN-256-70c0c50bb1a8db79"/><property name="artifactHash" value="0d9b1ecbcadd9b4cafb6899b8a41d03b1ea2f96bdb05c3388c31509e1dff1135"/></properties></testcase><testcase name="recovery-missing-checkpoint" time="0.00793"><properties><property name="method" value="GET"/><property name="path" value="/sync/[REDACTED-ID]/recovery?checkpointId=run-256-missing&amp;deviceId=[REDACTED]&amp;enrollmentVersion=2"/><property name="status" value="409"/><property name="code" value="recovery_chain_unavailable"/><property name="correlationId" value="RUN-256-5ce4bbe9642a275c"/><property name="artifactHash" value="61bba040c7bc17639c81d91c3a70b11f0fdfb1838062c790b11b9efd64ef0081"/></properties></testcase><testcase name="recovery-malformed-query" time="0.0034300000000000003"><properties><property name="method" value="GET"/><property name="path" value="/sync/[REDACTED-ID]/recovery?checkpointId=&amp;deviceId=[REDACTED]&amp;enrollmentVersion=2"/><property name="status" value="400"/><property name="code" value="invalid_request"/><property name="correlationId" value="RUN-256-d55c52492f0aaa6e"/><property name="artifactHash" value="737b2119eee1fa9989bdf2439ea03a61ee64594ff71819f66ffec843b7a73756"/></properties></testcase><testcase name="retention-pruned-cursor" time="0.0074"><properties><property name="method" value="GET"/><property name="path" value="/sync/[REDACTED-ID]/envelopes?afterCursor=[REDACTED-PIN]&amp;limit=100&amp;deviceId=[REDACTED]&amp;enrollmentVersion=2"/><property name="status" value="409"/><property name="code" value="cursor_recovery_required"/><property name="correlationId" value="RUN-256-955cfcf5ce360396"/><property name="artifactHash" value="183bba191de9e8b109ab2487ddf3cb3fd6ff1211992a51a26048b1c5fcc714e3"/></properties></testcase><testcase name="tombstone-append" time="0.00522"><properties><property name="method" value="POST"/><property name="path" value="/sync/[REDACTED-ID]/envelopes"/><property name="status" value="201"/><property name="code" value=""/><property name="correlationId" value="RUN-256-27a13d493472f1b0"/><property name="artifactHash" value="51054ce6a3cacd44347678bfe17f6a003f4e295dcd8726a94f392c59272b107e"/></properties></testcase><testcase name="tombstone-non-resurrection" time="0.004940000000000001"><properties><property name="method" value="POST"/><property name="path" value="/sync/[REDACTED-ID]/envelopes"/><property name="status" value="409"/><property name="code" value="opaque_envelope_rejected"/><property name="correlationId" value="RUN-256-90f959662265f610"/><property name="artifactHash" value="495a551da527d209d9771e756901c1e145f45eb570db0b35db60d89e1d632eb0"/></properties></testcase><testcase name="recovery-unauthorized-tenant" time="0.00348"><properties><property name="method" value="GET"/><property name="path" value="/sync/[REDACTED-ID]/recovery?checkpointId=run-256-checkpoint&amp;deviceId=[REDACTED]&amp;enrollmentVersion=2"/><property name="status" value="404"/><property name="code" value="workspace_not_found"/><property name="correlationId" value="RUN-256-1c45b320a5b93f24"/><property name="artifactHash" value="4ed7cc2985f8b8e2b480ed40f7f87590537fbf9a2bfd5f9231b7887d9368fdfd"/></properties></testcase><testcase name="revoked-[REDACTED]" time="0.00483"><properties><property name="method" value="GET"/><property name="path" value="/sync/[REDACTED-ID]/envelopes?deviceId=[REDACTED]&amp;enrollmentVersion=2"/><property name="status" value="409"/><property name="code" value="device_lifecycle_rejected"/><property name="correlationId" value="RUN-256-af33b1c966ece500"/><property name="artifactHash" value="1409755b7e15b11b959f3b2d741c9e1f19dc657c94ebdc27be558cc4ac959d11"/></properties></testcase><testcase name="revoked-[REDACTED]" time="0.004889999999999999"><properties><property name="method" value="POST"/><property name="path" value="/sync/[REDACTED-ID]/envelopes"/><property name="status" value="409"/><property name="code" value="opaque_envelope_rejected"/><property name="correlationId" value="RUN-256-2b2acfda92bf797f"/><property name="artifactHash" value="3f8ff18e964153b3e91e075e26a5c8d0aa5890fe836af12ae3b8a6928a5cd24d"/></properties></testcase></testsuite>