<testsuite name="PASSKEY-002 stateful HTTP contract (runner-generated)" tests="20" failures="0" errors="0"><properties><property name="reportType" value="stateful-http-contract"/><property name="runner" value="apps/web/api-e2e/src/support/run-openapi-contract.ts"/><property name="source" value="passkeyHttpObservations captured by requestObservation after actual fetch responses"/><property name="schemathesis" value="false"/></properties><testcase name="registration-begin-pending-enrollment" time="0.073"><properties><property name="path" value="/auth/passkey/registration/begin"/><property name="status" value="200"/><property name="observed" value="true"/></properties></testcase><testcase name="registration-complete-pending-credential" time="0.033"><properties><property name="path" value="/auth/passkey/registration/complete"/><property name="status" value="201"/><property name="observed" value="true"/></properties></testcase><testcase name="authentication-denied-before-verification" time="0.008"><properties><property name="path" value="/auth/passkey/authentication/begin"/><property name="status" value="403"/><property name="observed" value="true"/></properties></testcase><testcase name="verification-activation" time="0.085"><properties><property name="path" value="/auth/sign-up/verify"/><property name="status" value="200"/><property name="observed" value="true"/></properties></testcase><testcase name="registration-begin-success" time="0.030"><properties><property name="path" value="/auth/passkey/registration/begin"/><property name="status" value="200"/><property name="observed" value="true"/></properties></testcase><testcase name="registration-begin-existing-email-conflict" time="0.002"><properties><property name="path" value="/auth/passkey/registration/begin"/><property name="status" value="409"/><property name="observed" value="true"/></properties></testcase><testcase name="registration-begin-unverified-email-pending-enrollment" time="0.062"><properties><property name="path" value="/auth/passkey/registration/begin"/><property name="status" value="200"/><property name="observed" value="true"/></properties></testcase><testcase name="registration-begin-unverified-pin" time="0.011"><properties><property name="path" value="/auth/passkey/registration/begin"/><property name="status" value="403"/><property name="observed" value="true"/></properties></testcase><testcase name="authentication-begin-unverified-email" time="0.019"><properties><property name="path" value="/auth/passkey/authentication/begin"/><property name="status" value="403"/><property name="observed" value="true"/></properties></testcase><testcase name="authentication-begin-unverified-pin" time="0.008"><properties><property name="path" value="/auth/passkey/authentication/begin"/><property name="status" value="403"/><property name="observed" value="true"/></properties></testcase><testcase name="registration-complete-persisted-challenge-mismatch" time="0.009"><properties><property name="path" value="/auth/passkey/registration/complete"/><property name="status" value="400"/><property name="observed" value="true"/></properties></testcase><testcase name="registration-complete-expired-challenge" time="0.019"><properties><property name="path" value="/auth/passkey/registration/complete"/><property name="status" value="400"/><property name="observed" value="true"/></properties></testcase><testcase name="registration-complete-success" time="0.014"><properties><property name="path" value="/auth/passkey/registration/complete"/><property name="status" value="201"/><property name="observed" value="true"/></properties></testcase><testcase name="authentication-begin-success" time="0.021"><properties><property name="path" value="/auth/passkey/authentication/begin"/><property name="status" value="200"/><property name="observed" value="true"/></properties></testcase><testcase name="authentication-complete-consumed-replay" time="0.009"><properties><property name="path" value="/auth/passkey/authentication/complete"/><property name="status" value="409"/><property name="observed" value="true"/></properties></testcase><testcase name="authentication-complete-origin-mismatch" time="0.007"><properties><property name="path" value="/auth/passkey/authentication/complete"/><property name="status" value="401"/><property name="observed" value="true"/></properties></testcase><testcase name="authentication-complete-rp-mismatch" time="0.008"><properties><property name="path" value="/auth/passkey/authentication/complete"/><property name="status" value="401"/><property name="observed" value="true"/></properties></testcase><testcase name="authentication-complete-success" time="0.044"><properties><property name="path" value="/auth/passkey/authentication/complete"/><property name="status" value="200"/><property name="observed" value="true"/></properties></testcase><testcase name="account-enumeration-missing-account-no-credentials" time="0.002"><properties><property name="path" value="/auth/passkey/authentication/begin"/><property name="status" value="404"/><property name="observed" value="true"/></properties></testcase><testcase name="account-enumeration-existing-account-no-credentials" time="0.002"><properties><property name="path" value="/auth/passkey/authentication/begin"/><property name="status" value="404"/><property name="observed" value="true"/></properties></testcase></testsuite>