<testsuite name="PZS-005 RUN-1788226148710-1326244" tests="23" failures="0"><testcase name="authorized_append_201"><properties><property name="runId" value="RUN-1788226148710-1326244"/><property name="streamId" value="stream-679b04c9-a02a-417e-b022-a41824549557"/><property name="method" value="POST"/><property name="url" value="http://localhost:8080/sync/14394801-197b-4633-bfa9-b9d7a0d50f06/envelopes"/><property name="status" value="201"/><property name="code" value=""/><property name="correlationId" value="transport-authorized_append_201"/></properties></testcase><testcase name="duplicate_200"><properties><property name="runId" value="RUN-1788226148710-1326244"/><property name="streamId" value="stream-679b04c9-a02a-417e-b022-a41824549557"/><property name="method" value="POST"/><property name="url" value="http://localhost:8080/sync/14394801-197b-4633-bfa9-b9d7a0d50f06/envelopes"/><property name="status" value="200"/><property name="code" value=""/><property name="correlationId" value="transport-duplicate_200"/></properties></testcase><testcase name="duplicate_conflict"><properties><property name="runId" value="RUN-1788226148710-1326244"/><property name="streamId" value="stream-679b04c9-a02a-417e-b022-a41824549557"/><property name="method" value="POST"/><property name="url" value="http://localhost:8080/sync/14394801-197b-4633-bfa9-b9d7a0d50f06/envelopes"/><property name="status" value="409"/><property name="code" value="opaque_envelope_rejected"/><property name="correlationId" value="transport-duplicate_conflict"/></properties></testcase><testcase name="authorized_fetch"><properties><property name="runId" value="RUN-1788226148710-1326244"/><property name="streamId" value="stream-679b04c9-a02a-417e-b022-a41824549557"/><property name="method" value="GET"/><property name="url" value="http://localhost:8080/sync/14394801-197b-4633-bfa9-b9d7a0d50f06/envelopes?deviceId=device-c81f9b53-e185-4064-85b4-df420008dd4d&enrollmentVersion=2"/><property name="status" value="200"/><property name="code" value=""/><property name="correlationId" value="transport-authorized_fetch"/></properties></testcase><testcase name="cross_project"><properties><property name="runId" value="RUN-1788226148710-1326244"/><property name="streamId" value="stream-679b04c9-a02a-417e-b022-a41824549557"/><property name="method" value="GET"/><property name="url" value="http://localhost:8080/sync/a381e1a4-d86a-479d-92dd-1026d00fa25e/envelopes?deviceId=device-c81f9b53-e185-4064-85b4-df420008dd4d&enrollmentVersion=2"/><property name="status" value="409"/><property name="code" value="device_lifecycle_rejected"/><property name="correlationId" value="transport-cross_project"/></properties></testcase><testcase name="cross_tenant"><properties><property name="runId" value="RUN-1788226148710-1326244"/><property name="streamId" value="stream-679b04c9-a02a-417e-b022-a41824549557"/><property name="method" value="GET"/><property name="url" value="http://localhost:8080/sync/5e29264b-2451-430f-96f0-0d12615c2d16/envelopes?deviceId=device-c81f9b53-e185-4064-85b4-df420008dd4d&enrollmentVersion=2"/><property name="status" value="404"/><property name="code" value="workspace_not_found"/><property name="correlationId" value="transport-cross_tenant"/></properties></testcase><testcase name="revoked_device"><properties><property name="runId" value="RUN-1788226148710-1326244"/><property name="streamId" value="stream-679b04c9-a02a-417e-b022-a41824549557"/><property name="method" value="GET"/><property name="url" value="http://localhost:8080/sync/14394801-197b-4633-bfa9-b9d7a0d50f06/envelopes?deviceId=device-cbfedb3d-22a3-4532-a74d-1728d733f5ef&enrollmentVersion=1"/><property name="status" value="409"/><property name="code" value="device_lifecycle_rejected"/><property name="correlationId" value="transport-revoked_device"/></properties></testcase><testcase name="unenrolled_device"><properties><property name="runId" value="RUN-1788226148710-1326244"/><property name="streamId" value="stream-679b04c9-a02a-417e-b022-a41824549557"/><property name="method" value="GET"/><property name="url" value="http://localhost:8080/sync/14394801-197b-4633-bfa9-b9d7a0d50f06/envelopes?deviceId=device-4f5021b8-9eb6-42a9-bf8a-6753d0a49060&enrollmentVersion=1"/><property name="status" value="409"/><property name="code" value="device_lifecycle_rejected"/><property name="correlationId" value="transport-unenrolled_device"/></properties></testcase><testcase name="malformed"><properties><property name="runId" value="RUN-1788226148710-1326244"/><property name="streamId" value="stream-679b04c9-a02a-417e-b022-a41824549557"/><property name="method" value="POST"/><property name="url" value="http://localhost:8080/sync/14394801-197b-4633-bfa9-b9d7a0d50f06/envelopes"/><property name="status" value="400"/><property name="code" value="invalid_request"/><property name="correlationId" value="transport-malformed"/></properties></testcase><testcase name="oversized"><properties><property name="runId" value="RUN-1788226148710-1326244"/><property name="streamId" value="stream-679b04c9-a02a-417e-b022-a41824549557"/><property name="method" value="POST"/><property name="url" value="http://localhost:8080/sync/14394801-197b-4633-bfa9-b9d7a0d50f06/envelopes"/><property name="status" value="400"/><property name="code" value="invalid_request"/><property name="correlationId" value="transport-oversized"/></properties></testcase><testcase name="unsupported_version"><properties><property name="runId" value="RUN-1788226148710-1326244"/><property name="streamId" value="stream-679b04c9-a02a-417e-b022-a41824549557"/><property name="method" value="POST"/><property name="url" value="http://localhost:8080/sync/14394801-197b-4633-bfa9-b9d7a0d50f06/envelopes"/><property name="status" value="400"/><property name="code" value="invalid_request"/><property name="correlationId" value="transport-unsupported_version"/></properties></testcase><testcase name="stale_base_409"><properties><property name="runId" value="RUN-1788226148710-1326244"/><property name="streamId" value="stream-679b04c9-a02a-417e-b022-a41824549557"/><property name="method" value="POST"/><property name="url" value="http://localhost:8080/sync/14394801-197b-4633-bfa9-b9d7a0d50f06/envelopes"/><property name="status" value="409"/><property name="code" value="opaque_envelope_rejected"/><property name="correlationId" value="transport-stale_base_409"/></properties></testcase><testcase name="rollback"><properties><property name="runId" value="RUN-1788226148710-1326244"/><property name="streamId" value="stream-679b04c9-a02a-417e-b022-a41824549557"/><property name="method" value="POST"/><property name="url" value="http://localhost:8080/sync/14394801-197b-4633-bfa9-b9d7a0d50f06/envelopes"/><property name="status" value="409"/><property name="code" value="opaque_envelope_rejected"/><property name="correlationId" value="transport-rollback"/></properties></testcase><testcase name="replay"><properties><property name="runId" value="RUN-1788226148710-1326244"/><property name="streamId" value="stream-679b04c9-a02a-417e-b022-a41824549557"/><property name="method" value="POST"/><property name="url" value="http://localhost:8080/sync/14394801-197b-4633-bfa9-b9d7a0d50f06/envelopes"/><property name="status" value="409"/><property name="code" value="opaque_envelope_rejected"/><property name="correlationId" value="transport-replay"/></properties></testcase><testcase name="valid_checkpoint"><properties><property name="runId" value="RUN-1788226148710-1326244"/><property name="streamId" value="stream-679b04c9-a02a-417e-b022-a41824549557"/><property name="method" value="POST"/><property name="url" value="http://localhost:8080/sync/14394801-197b-4633-bfa9-b9d7a0d50f06/checkpoints"/><property name="status" value="201"/><property name="code" value=""/><property name="correlationId" value="transport-valid_checkpoint"/></properties></testcase><testcase name="checkpoint_hash_mismatch"><properties><property name="runId" value="RUN-1788226148710-1326244"/><property name="streamId" value="stream-679b04c9-a02a-417e-b022-a41824549557"/><property name="method" value="POST"/><property name="url" value="http://localhost:8080/sync/14394801-197b-4633-bfa9-b9d7a0d50f06/checkpoints"/><property name="status" value="409"/><property name="code" value="checkpoint_rejected"/><property name="correlationId" value="transport-checkpoint_hash_mismatch"/></properties></testcase><testcase name="valid_recovery"><properties><property name="runId" value="RUN-1788226148710-1326244"/><property name="streamId" value="stream-679b04c9-a02a-417e-b022-a41824549557"/><property name="method" value="GET"/><property name="url" value="http://localhost:8080/sync/14394801-197b-4633-bfa9-b9d7a0d50f06/recovery?checkpointId=checkpoint-1&deviceId=device-c81f9b53-e185-4064-85b4-df420008dd4d&enrollmentVersion=2&afterCursor=0&limit=10"/><property name="status" value="200"/><property name="code" value=""/><property name="correlationId" value="transport-valid_recovery"/></properties></testcase><testcase name="missing_checkpoint"><properties><property name="runId" value="RUN-1788226148710-1326244"/><property name="streamId" value="stream-679b04c9-a02a-417e-b022-a41824549557"/><property name="method" value="GET"/><property name="url" value="http://localhost:8080/sync/14394801-197b-4633-bfa9-b9d7a0d50f06/recovery?checkpointId=missing&deviceId=device-c81f9b53-e185-4064-85b4-df420008dd4d&enrollmentVersion=2"/><property name="status" value="409"/><property name="code" value="recovery_chain_unavailable"/><property name="correlationId" value="transport-missing_checkpoint"/></properties></testcase><testcase name="pruned_cursor"><properties><property name="runId" value="RUN-1788226148710-1326244"/><property name="streamId" value="stream-679b04c9-a02a-417e-b022-a41824549557"/><property name="method" value="GET"/><property name="url" value="http://localhost:8080/sync/14394801-197b-4633-bfa9-b9d7a0d50f06/envelopes?afterCursor=0&deviceId=device-c81f9b53-e185-4064-85b4-df420008dd4d&enrollmentVersion=2"/><property name="status" value="409"/><property name="code" value="cursor_recovery_required"/><property name="correlationId" value="transport-pruned_cursor"/></properties></testcase><testcase name="tombstone"><properties><property name="runId" value="RUN-1788226148710-1326244"/><property name="streamId" value="stream-679b04c9-a02a-417e-b022-a41824549557"/><property name="method" value="POST"/><property name="url" value="http://localhost:8080/sync/14394801-197b-4633-bfa9-b9d7a0d50f06/envelopes"/><property name="status" value="201"/><property name="code" value=""/><property name="correlationId" value="transport-tombstone"/></properties></testcase><testcase name="tombstone_resurrection"><properties><property name="runId" value="RUN-1788226148710-1326244"/><property name="streamId" value="stream-679b04c9-a02a-417e-b022-a41824549557"/><property name="method" value="POST"/><property name="url" value="http://localhost:8080/sync/14394801-197b-4633-bfa9-b9d7a0d50f06/envelopes"/><property name="status" value="409"/><property name="code" value="opaque_envelope_rejected"/><property name="correlationId" value="transport-tombstone_resurrection"/></properties></testcase><testcase name="retention_boundary"><properties><property name="runId" value="RUN-1788226148710-1326244"/><property name="streamId" value="stream-679b04c9-a02a-417e-b022-a41824549557"/><property name="method" value="GET"/><property name="url" value="http://localhost:8080/sync/14394801-197b-4633-bfa9-b9d7a0d50f06/envelopes?afterCursor=1&deviceId=device-c81f9b53-e185-4064-85b4-df420008dd4d&enrollmentVersion=2"/><property name="status" value="200"/><property name="code" value=""/><property name="correlationId" value="transport-retention_boundary"/></properties></testcase><testcase name="device_lifecycle"><properties><property name="runId" value="RUN-1788226148710-1326244"/><property name="streamId" value="stream-679b04c9-a02a-417e-b022-a41824549557"/><property name="method" value="GET"/><property name="url" value="http://localhost:8080/sync/14394801-197b-4633-bfa9-b9d7a0d50f06/devices"/><property name="status" value="200"/><property name="code" value=""/><property name="correlationId" value="transport-device_lifecycle"/></properties></testcase></testsuite>