<testsuite name="PZS-005 RUN-236-20260826T0445Z" tests="23" failures="0"><testcase name="authorized_append_201"><properties><property name="runId" value="RUN-236-20260826T0445Z"/><property name="streamId" value="stream-800d4b15-40b2-410a-8d5a-6725ee2a3f32"/><property name="method" value="POST"/><property name="url" value="http://localhost:8080/sync/84e72ee6-ca36-47fe-a503-a7280adfbeb1/envelopes"/><property name="status" value="201"/><property name="code" value=""/><property name="correlationId" value="transport-authorized_append_201"/></properties></testcase><testcase name="duplicate_200"><properties><property name="runId" value="RUN-236-20260826T0445Z"/><property name="streamId" value="stream-800d4b15-40b2-410a-8d5a-6725ee2a3f32"/><property name="method" value="POST"/><property name="url" value="http://localhost:8080/sync/84e72ee6-ca36-47fe-a503-a7280adfbeb1/envelopes"/><property name="status" value="200"/><property name="code" value=""/><property name="correlationId" value="transport-duplicate_200"/></properties></testcase><testcase name="duplicate_conflict"><properties><property name="runId" value="RUN-236-20260826T0445Z"/><property name="streamId" value="stream-800d4b15-40b2-410a-8d5a-6725ee2a3f32"/><property name="method" value="POST"/><property name="url" value="http://localhost:8080/sync/84e72ee6-ca36-47fe-a503-a7280adfbeb1/envelopes"/><property name="status" value="409"/><property name="code" value="opaque_envelope_rejected"/><property name="correlationId" value="transport-duplicate_conflict"/></properties></testcase><testcase name="authorized_fetch"><properties><property name="runId" value="RUN-236-20260826T0445Z"/><property name="streamId" value="stream-800d4b15-40b2-410a-8d5a-6725ee2a3f32"/><property name="method" value="GET"/><property name="url" value="http://localhost:8080/sync/84e72ee6-ca36-47fe-a503-a7280adfbeb1/envelopes?deviceId=device-9207356f-702e-4bab-83dd-c5689bb456ac&enrollmentVersion=2"/><property name="status" value="200"/><property name="code" value=""/><property name="correlationId" value="transport-authorized_fetch"/></properties></testcase><testcase name="cross_project"><properties><property name="runId" value="RUN-236-20260826T0445Z"/><property name="streamId" value="stream-800d4b15-40b2-410a-8d5a-6725ee2a3f32"/><property name="method" value="GET"/><property name="url" value="http://localhost:8080/sync/09c5b567-8882-44ed-a1ac-25f9b546bb23/envelopes?deviceId=device-9207356f-702e-4bab-83dd-c5689bb456ac&enrollmentVersion=2"/><property name="status" value="409"/><property name="code" value="device_lifecycle_rejected"/><property name="correlationId" value="transport-cross_project"/></properties></testcase><testcase name="cross_tenant"><properties><property name="runId" value="RUN-236-20260826T0445Z"/><property name="streamId" value="stream-800d4b15-40b2-410a-8d5a-6725ee2a3f32"/><property name="method" value="GET"/><property name="url" value="http://localhost:8080/sync/84763229-9607-46d5-912c-0fafec6d938e/envelopes?deviceId=device-9207356f-702e-4bab-83dd-c5689bb456ac&enrollmentVersion=2"/><property name="status" value="404"/><property name="code" value="workspace_not_found"/><property name="correlationId" value="transport-cross_tenant"/></properties></testcase><testcase name="revoked_device"><properties><property name="runId" value="RUN-236-20260826T0445Z"/><property name="streamId" value="stream-800d4b15-40b2-410a-8d5a-6725ee2a3f32"/><property name="method" value="GET"/><property name="url" value="http://localhost:8080/sync/84e72ee6-ca36-47fe-a503-a7280adfbeb1/envelopes?deviceId=device-0825d672-3c14-4813-9d16-bacd1e89c877&enrollmentVersion=1"/><property name="status" value="409"/><property name="code" value="device_lifecycle_rejected"/><property name="correlationId" value="transport-revoked_device"/></properties></testcase><testcase name="unenrolled_device"><properties><property name="runId" value="RUN-236-20260826T0445Z"/><property name="streamId" value="stream-800d4b15-40b2-410a-8d5a-6725ee2a3f32"/><property name="method" value="GET"/><property name="url" value="http://localhost:8080/sync/84e72ee6-ca36-47fe-a503-a7280adfbeb1/envelopes?deviceId=device-83694f12-965c-43d7-8d6d-4297a9e9ecee&enrollmentVersion=1"/><property name="status" value="409"/><property name="code" value="device_lifecycle_rejected"/><property name="correlationId" value="transport-unenrolled_device"/></properties></testcase><testcase name="malformed"><properties><property name="runId" value="RUN-236-20260826T0445Z"/><property name="streamId" value="stream-800d4b15-40b2-410a-8d5a-6725ee2a3f32"/><property name="method" value="POST"/><property name="url" value="http://localhost:8080/sync/84e72ee6-ca36-47fe-a503-a7280adfbeb1/envelopes"/><property name="status" value="400"/><property name="code" value="invalid_request"/><property name="correlationId" value="transport-malformed"/></properties></testcase><testcase name="oversized"><properties><property name="runId" value="RUN-236-20260826T0445Z"/><property name="streamId" value="stream-800d4b15-40b2-410a-8d5a-6725ee2a3f32"/><property name="method" value="POST"/><property name="url" value="http://localhost:8080/sync/84e72ee6-ca36-47fe-a503-a7280adfbeb1/envelopes"/><property name="status" value="400"/><property name="code" value="invalid_request"/><property name="correlationId" value="transport-oversized"/></properties></testcase><testcase name="unsupported_version"><properties><property name="runId" value="RUN-236-20260826T0445Z"/><property name="streamId" value="stream-800d4b15-40b2-410a-8d5a-6725ee2a3f32"/><property name="method" value="POST"/><property name="url" value="http://localhost:8080/sync/84e72ee6-ca36-47fe-a503-a7280adfbeb1/envelopes"/><property name="status" value="400"/><property name="code" value="invalid_request"/><property name="correlationId" value="transport-unsupported_version"/></properties></testcase><testcase name="stale_base_409"><properties><property name="runId" value="RUN-236-20260826T0445Z"/><property name="streamId" value="stream-800d4b15-40b2-410a-8d5a-6725ee2a3f32"/><property name="method" value="POST"/><property name="url" value="http://localhost:8080/sync/84e72ee6-ca36-47fe-a503-a7280adfbeb1/envelopes"/><property name="status" value="409"/><property name="code" value="opaque_envelope_rejected"/><property name="correlationId" value="transport-stale_base_409"/></properties></testcase><testcase name="rollback"><properties><property name="runId" value="RUN-236-20260826T0445Z"/><property name="streamId" value="stream-800d4b15-40b2-410a-8d5a-6725ee2a3f32"/><property name="method" value="POST"/><property name="url" value="http://localhost:8080/sync/84e72ee6-ca36-47fe-a503-a7280adfbeb1/envelopes"/><property name="status" value="409"/><property name="code" value="opaque_envelope_rejected"/><property name="correlationId" value="transport-rollback"/></properties></testcase><testcase name="replay"><properties><property name="runId" value="RUN-236-20260826T0445Z"/><property name="streamId" value="stream-800d4b15-40b2-410a-8d5a-6725ee2a3f32"/><property name="method" value="POST"/><property name="url" value="http://localhost:8080/sync/84e72ee6-ca36-47fe-a503-a7280adfbeb1/envelopes"/><property name="status" value="409"/><property name="code" value="opaque_envelope_rejected"/><property name="correlationId" value="transport-replay"/></properties></testcase><testcase name="valid_checkpoint"><properties><property name="runId" value="RUN-236-20260826T0445Z"/><property name="streamId" value="stream-800d4b15-40b2-410a-8d5a-6725ee2a3f32"/><property name="method" value="POST"/><property name="url" value="http://localhost:8080/sync/84e72ee6-ca36-47fe-a503-a7280adfbeb1/checkpoints"/><property name="status" value="201"/><property name="code" value=""/><property name="correlationId" value="transport-valid_checkpoint"/></properties></testcase><testcase name="checkpoint_hash_mismatch"><properties><property name="runId" value="RUN-236-20260826T0445Z"/><property name="streamId" value="stream-800d4b15-40b2-410a-8d5a-6725ee2a3f32"/><property name="method" value="POST"/><property name="url" value="http://localhost:8080/sync/84e72ee6-ca36-47fe-a503-a7280adfbeb1/checkpoints"/><property name="status" value="409"/><property name="code" value="checkpoint_rejected"/><property name="correlationId" value="transport-checkpoint_hash_mismatch"/></properties></testcase><testcase name="valid_recovery"><properties><property name="runId" value="RUN-236-20260826T0445Z"/><property name="streamId" value="stream-800d4b15-40b2-410a-8d5a-6725ee2a3f32"/><property name="method" value="GET"/><property name="url" value="http://localhost:8080/sync/84e72ee6-ca36-47fe-a503-a7280adfbeb1/recovery?checkpointId=checkpoint-1&deviceId=device-9207356f-702e-4bab-83dd-c5689bb456ac&enrollmentVersion=2&afterCursor=0&limit=10"/><property name="status" value="200"/><property name="code" value=""/><property name="correlationId" value="transport-valid_recovery"/></properties></testcase><testcase name="missing_checkpoint"><properties><property name="runId" value="RUN-236-20260826T0445Z"/><property name="streamId" value="stream-800d4b15-40b2-410a-8d5a-6725ee2a3f32"/><property name="method" value="GET"/><property name="url" value="http://localhost:8080/sync/84e72ee6-ca36-47fe-a503-a7280adfbeb1/recovery?checkpointId=missing&deviceId=device-9207356f-702e-4bab-83dd-c5689bb456ac&enrollmentVersion=2"/><property name="status" value="409"/><property name="code" value="recovery_chain_unavailable"/><property name="correlationId" value="transport-missing_checkpoint"/></properties></testcase><testcase name="pruned_cursor"><properties><property name="runId" value="RUN-236-20260826T0445Z"/><property name="streamId" value="stream-800d4b15-40b2-410a-8d5a-6725ee2a3f32"/><property name="method" value="GET"/><property name="url" value="http://localhost:8080/sync/84e72ee6-ca36-47fe-a503-a7280adfbeb1/envelopes?afterCursor=0&deviceId=device-9207356f-702e-4bab-83dd-c5689bb456ac&enrollmentVersion=2"/><property name="status" value="409"/><property name="code" value="cursor_recovery_required"/><property name="correlationId" value="transport-pruned_cursor"/></properties></testcase><testcase name="tombstone"><properties><property name="runId" value="RUN-236-20260826T0445Z"/><property name="streamId" value="stream-800d4b15-40b2-410a-8d5a-6725ee2a3f32"/><property name="method" value="POST"/><property name="url" value="http://localhost:8080/sync/84e72ee6-ca36-47fe-a503-a7280adfbeb1/envelopes"/><property name="status" value="201"/><property name="code" value=""/><property name="correlationId" value="transport-tombstone"/></properties></testcase><testcase name="tombstone_resurrection"><properties><property name="runId" value="RUN-236-20260826T0445Z"/><property name="streamId" value="stream-800d4b15-40b2-410a-8d5a-6725ee2a3f32"/><property name="method" value="POST"/><property name="url" value="http://localhost:8080/sync/84e72ee6-ca36-47fe-a503-a7280adfbeb1/envelopes"/><property name="status" value="409"/><property name="code" value="opaque_envelope_rejected"/><property name="correlationId" value="transport-tombstone_resurrection"/></properties></testcase><testcase name="retention_boundary"><properties><property name="runId" value="RUN-236-20260826T0445Z"/><property name="streamId" value="stream-800d4b15-40b2-410a-8d5a-6725ee2a3f32"/><property name="method" value="GET"/><property name="url" value="http://localhost:8080/sync/84e72ee6-ca36-47fe-a503-a7280adfbeb1/envelopes?afterCursor=1&deviceId=device-9207356f-702e-4bab-83dd-c5689bb456ac&enrollmentVersion=2"/><property name="status" value="200"/><property name="code" value=""/><property name="correlationId" value="transport-retention_boundary"/></properties></testcase><testcase name="device_lifecycle"><properties><property name="runId" value="RUN-236-20260826T0445Z"/><property name="streamId" value="stream-800d4b15-40b2-410a-8d5a-6725ee2a3f32"/><property name="method" value="GET"/><property name="url" value="http://localhost:8080/sync/84e72ee6-ca36-47fe-a503-a7280adfbeb1/devices"/><property name="status" value="200"/><property name="code" value=""/><property name="correlationId" value="transport-device_lifecycle"/></properties></testcase></testsuite>