<testsuite name="PZS-005 RUN-1788271963852-3330520" tests="23" failures="0"><testcase name="authorized_append_201"><properties><property name="runId" value="RUN-1788271963852-3330520"/><property name="streamId" value="stream-f0bffb58-0683-4048-987c-ee661b30b520"/><property name="method" value="POST"/><property name="url" value="http://localhost:8080/sync/e08f243c-a970-4939-bcb0-cd4801a3d726/envelopes"/><property name="status" value="201"/><property name="code" value=""/><property name="correlationId" value="transport-authorized_append_201"/></properties></testcase><testcase name="duplicate_200"><properties><property name="runId" value="RUN-1788271963852-3330520"/><property name="streamId" value="stream-f0bffb58-0683-4048-987c-ee661b30b520"/><property name="method" value="POST"/><property name="url" value="http://localhost:8080/sync/e08f243c-a970-4939-bcb0-cd4801a3d726/envelopes"/><property name="status" value="200"/><property name="code" value=""/><property name="correlationId" value="transport-duplicate_200"/></properties></testcase><testcase name="duplicate_conflict"><properties><property name="runId" value="RUN-1788271963852-3330520"/><property name="streamId" value="stream-f0bffb58-0683-4048-987c-ee661b30b520"/><property name="method" value="POST"/><property name="url" value="http://localhost:8080/sync/e08f243c-a970-4939-bcb0-cd4801a3d726/envelopes"/><property name="status" value="409"/><property name="code" value="opaque_envelope_rejected"/><property name="correlationId" value="transport-duplicate_conflict"/></properties></testcase><testcase name="authorized_fetch"><properties><property name="runId" value="RUN-1788271963852-3330520"/><property name="streamId" value="stream-f0bffb58-0683-4048-987c-ee661b30b520"/><property name="method" value="GET"/><property name="url" value="http://localhost:8080/sync/e08f243c-a970-4939-bcb0-cd4801a3d726/envelopes?deviceId=device-b87fbc84-f704-4e45-977a-4ac985f370a8&enrollmentVersion=2"/><property name="status" value="200"/><property name="code" value=""/><property name="correlationId" value="transport-authorized_fetch"/></properties></testcase><testcase name="cross_project"><properties><property name="runId" value="RUN-1788271963852-3330520"/><property name="streamId" value="stream-f0bffb58-0683-4048-987c-ee661b30b520"/><property name="method" value="GET"/><property name="url" value="http://localhost:8080/sync/95669858-d36d-4881-8673-ce590ee863d5/envelopes?deviceId=device-b87fbc84-f704-4e45-977a-4ac985f370a8&enrollmentVersion=2"/><property name="status" value="409"/><property name="code" value="device_lifecycle_rejected"/><property name="correlationId" value="transport-cross_project"/></properties></testcase><testcase name="cross_tenant"><properties><property name="runId" value="RUN-1788271963852-3330520"/><property name="streamId" value="stream-f0bffb58-0683-4048-987c-ee661b30b520"/><property name="method" value="GET"/><property name="url" value="http://localhost:8080/sync/8d4f78ae-9e29-4863-9a65-bdef48e38387/envelopes?deviceId=device-b87fbc84-f704-4e45-977a-4ac985f370a8&enrollmentVersion=2"/><property name="status" value="404"/><property name="code" value="workspace_not_found"/><property name="correlationId" value="transport-cross_tenant"/></properties></testcase><testcase name="revoked_device"><properties><property name="runId" value="RUN-1788271963852-3330520"/><property name="streamId" value="stream-f0bffb58-0683-4048-987c-ee661b30b520"/><property name="method" value="GET"/><property name="url" value="http://localhost:8080/sync/e08f243c-a970-4939-bcb0-cd4801a3d726/envelopes?deviceId=device-de53db66-decc-4490-94ff-480ca26a77f3&enrollmentVersion=1"/><property name="status" value="409"/><property name="code" value="device_lifecycle_rejected"/><property name="correlationId" value="transport-revoked_device"/></properties></testcase><testcase name="unenrolled_device"><properties><property name="runId" value="RUN-1788271963852-3330520"/><property name="streamId" value="stream-f0bffb58-0683-4048-987c-ee661b30b520"/><property name="method" value="GET"/><property name="url" value="http://localhost:8080/sync/e08f243c-a970-4939-bcb0-cd4801a3d726/envelopes?deviceId=device-e24f8572-f581-422a-a2e0-b4d3ef567be5&enrollmentVersion=1"/><property name="status" value="409"/><property name="code" value="device_lifecycle_rejected"/><property name="correlationId" value="transport-unenrolled_device"/></properties></testcase><testcase name="malformed"><properties><property name="runId" value="RUN-1788271963852-3330520"/><property name="streamId" value="stream-f0bffb58-0683-4048-987c-ee661b30b520"/><property name="method" value="POST"/><property name="url" value="http://localhost:8080/sync/e08f243c-a970-4939-bcb0-cd4801a3d726/envelopes"/><property name="status" value="400"/><property name="code" value="invalid_request"/><property name="correlationId" value="transport-malformed"/></properties></testcase><testcase name="oversized"><properties><property name="runId" value="RUN-1788271963852-3330520"/><property name="streamId" value="stream-f0bffb58-0683-4048-987c-ee661b30b520"/><property name="method" value="POST"/><property name="url" value="http://localhost:8080/sync/e08f243c-a970-4939-bcb0-cd4801a3d726/envelopes"/><property name="status" value="400"/><property name="code" value="invalid_request"/><property name="correlationId" value="transport-oversized"/></properties></testcase><testcase name="unsupported_version"><properties><property name="runId" value="RUN-1788271963852-3330520"/><property name="streamId" value="stream-f0bffb58-0683-4048-987c-ee661b30b520"/><property name="method" value="POST"/><property name="url" value="http://localhost:8080/sync/e08f243c-a970-4939-bcb0-cd4801a3d726/envelopes"/><property name="status" value="400"/><property name="code" value="invalid_request"/><property name="correlationId" value="transport-unsupported_version"/></properties></testcase><testcase name="stale_base_409"><properties><property name="runId" value="RUN-1788271963852-3330520"/><property name="streamId" value="stream-f0bffb58-0683-4048-987c-ee661b30b520"/><property name="method" value="POST"/><property name="url" value="http://localhost:8080/sync/e08f243c-a970-4939-bcb0-cd4801a3d726/envelopes"/><property name="status" value="409"/><property name="code" value="opaque_envelope_rejected"/><property name="correlationId" value="transport-stale_base_409"/></properties></testcase><testcase name="rollback"><properties><property name="runId" value="RUN-1788271963852-3330520"/><property name="streamId" value="stream-f0bffb58-0683-4048-987c-ee661b30b520"/><property name="method" value="POST"/><property name="url" value="http://localhost:8080/sync/e08f243c-a970-4939-bcb0-cd4801a3d726/envelopes"/><property name="status" value="409"/><property name="code" value="opaque_envelope_rejected"/><property name="correlationId" value="transport-rollback"/></properties></testcase><testcase name="replay"><properties><property name="runId" value="RUN-1788271963852-3330520"/><property name="streamId" value="stream-f0bffb58-0683-4048-987c-ee661b30b520"/><property name="method" value="POST"/><property name="url" value="http://localhost:8080/sync/e08f243c-a970-4939-bcb0-cd4801a3d726/envelopes"/><property name="status" value="409"/><property name="code" value="opaque_envelope_rejected"/><property name="correlationId" value="transport-replay"/></properties></testcase><testcase name="valid_checkpoint"><properties><property name="runId" value="RUN-1788271963852-3330520"/><property name="streamId" value="stream-f0bffb58-0683-4048-987c-ee661b30b520"/><property name="method" value="POST"/><property name="url" value="http://localhost:8080/sync/e08f243c-a970-4939-bcb0-cd4801a3d726/checkpoints"/><property name="status" value="201"/><property name="code" value=""/><property name="correlationId" value="transport-valid_checkpoint"/></properties></testcase><testcase name="checkpoint_hash_mismatch"><properties><property name="runId" value="RUN-1788271963852-3330520"/><property name="streamId" value="stream-f0bffb58-0683-4048-987c-ee661b30b520"/><property name="method" value="POST"/><property name="url" value="http://localhost:8080/sync/e08f243c-a970-4939-bcb0-cd4801a3d726/checkpoints"/><property name="status" value="409"/><property name="code" value="checkpoint_rejected"/><property name="correlationId" value="transport-checkpoint_hash_mismatch"/></properties></testcase><testcase name="valid_recovery"><properties><property name="runId" value="RUN-1788271963852-3330520"/><property name="streamId" value="stream-f0bffb58-0683-4048-987c-ee661b30b520"/><property name="method" value="GET"/><property name="url" value="http://localhost:8080/sync/e08f243c-a970-4939-bcb0-cd4801a3d726/recovery?checkpointId=checkpoint-1&deviceId=device-b87fbc84-f704-4e45-977a-4ac985f370a8&enrollmentVersion=2&afterCursor=0&limit=10"/><property name="status" value="200"/><property name="code" value=""/><property name="correlationId" value="transport-valid_recovery"/></properties></testcase><testcase name="missing_checkpoint"><properties><property name="runId" value="RUN-1788271963852-3330520"/><property name="streamId" value="stream-f0bffb58-0683-4048-987c-ee661b30b520"/><property name="method" value="GET"/><property name="url" value="http://localhost:8080/sync/e08f243c-a970-4939-bcb0-cd4801a3d726/recovery?checkpointId=missing&deviceId=device-b87fbc84-f704-4e45-977a-4ac985f370a8&enrollmentVersion=2"/><property name="status" value="409"/><property name="code" value="recovery_chain_unavailable"/><property name="correlationId" value="transport-missing_checkpoint"/></properties></testcase><testcase name="pruned_cursor"><properties><property name="runId" value="RUN-1788271963852-3330520"/><property name="streamId" value="stream-f0bffb58-0683-4048-987c-ee661b30b520"/><property name="method" value="GET"/><property name="url" value="http://localhost:8080/sync/e08f243c-a970-4939-bcb0-cd4801a3d726/envelopes?afterCursor=0&deviceId=device-b87fbc84-f704-4e45-977a-4ac985f370a8&enrollmentVersion=2"/><property name="status" value="409"/><property name="code" value="cursor_recovery_required"/><property name="correlationId" value="transport-pruned_cursor"/></properties></testcase><testcase name="tombstone"><properties><property name="runId" value="RUN-1788271963852-3330520"/><property name="streamId" value="stream-f0bffb58-0683-4048-987c-ee661b30b520"/><property name="method" value="POST"/><property name="url" value="http://localhost:8080/sync/e08f243c-a970-4939-bcb0-cd4801a3d726/envelopes"/><property name="status" value="201"/><property name="code" value=""/><property name="correlationId" value="transport-tombstone"/></properties></testcase><testcase name="tombstone_resurrection"><properties><property name="runId" value="RUN-1788271963852-3330520"/><property name="streamId" value="stream-f0bffb58-0683-4048-987c-ee661b30b520"/><property name="method" value="POST"/><property name="url" value="http://localhost:8080/sync/e08f243c-a970-4939-bcb0-cd4801a3d726/envelopes"/><property name="status" value="409"/><property name="code" value="opaque_envelope_rejected"/><property name="correlationId" value="transport-tombstone_resurrection"/></properties></testcase><testcase name="retention_boundary"><properties><property name="runId" value="RUN-1788271963852-3330520"/><property name="streamId" value="stream-f0bffb58-0683-4048-987c-ee661b30b520"/><property name="method" value="GET"/><property name="url" value="http://localhost:8080/sync/e08f243c-a970-4939-bcb0-cd4801a3d726/envelopes?afterCursor=1&deviceId=device-b87fbc84-f704-4e45-977a-4ac985f370a8&enrollmentVersion=2"/><property name="status" value="200"/><property name="code" value=""/><property name="correlationId" value="transport-retention_boundary"/></properties></testcase><testcase name="device_lifecycle"><properties><property name="runId" value="RUN-1788271963852-3330520"/><property name="streamId" value="stream-f0bffb58-0683-4048-987c-ee661b30b520"/><property name="method" value="GET"/><property name="url" value="http://localhost:8080/sync/e08f243c-a970-4939-bcb0-cd4801a3d726/devices"/><property name="status" value="200"/><property name="code" value=""/><property name="correlationId" value="transport-device_lifecycle"/></properties></testcase></testsuite>