<testsuite name="PZS-005 RUN-255-API OpenAPI sync HTTP" tests="21"><testcase name="append-201" time="0.0064800000000000005"><properties><property name="method" value="POST"/><property name="path" value="/sync/[REDACTED-ID]/envelopes"/><property name="status" value="201"/><property name="code" value=""/><property name="correlationId" value="RUN-255-API-699fbd92a31943d4"/><property name="artifactHash" value="66923c1a60ca1b848569dc9246af812660420b33c4c3521f12874edc8e2e9e55"/></properties></testcase><testcase name="duplicate-200" time="0.0059299999999999995"><properties><property name="method" value="POST"/><property name="path" value="/sync/[REDACTED-ID]/envelopes"/><property name="status" value="200"/><property name="code" value=""/><property name="correlationId" value="RUN-255-API-6417cf0b00a94351"/><property name="artifactHash" value="08bcc53f5e612842c85e5026a2b4a8993f57250c854e83132b0608da5d671d64"/></properties></testcase><testcase name="duplicate-conflict" time="0.00545"><properties><property name="method" value="POST"/><property name="path" value="/sync/[REDACTED-ID]/envelopes"/><property name="status" value="409"/><property name="code" value="opaque_envelope_rejected"/><property name="correlationId" value="RUN-255-API-83d3203dfb8b068a"/><property name="artifactHash" value="0d8c05e379488a90d38904c161cd584736b40a968815fbf7195b86f122504b38"/></properties></testcase><testcase name="cross-project" time="0.00534"><properties><property name="method" value="POST"/><property name="path" value="/sync/[REDACTED-ID]/envelopes"/><property name="status" value="404"/><property name="code" value="workspace_not_found"/><property name="correlationId" value="RUN-255-API-c509d405568bbb36"/><property name="artifactHash" value="34ae0b4bc7ff5cf1680733cd4d9bebee88db5505a97bece36e4ad738236202be"/></properties></testcase><testcase name="cross-tenant" time="0.0039700000000000004"><properties><property name="method" value="GET"/><property name="path" value="/sync/[REDACTED-ID]/envelopes?deviceId=[REDACTED]&amp;enrollmentVersion=2"/><property name="status" value="404"/><property name="code" value="workspace_not_found"/><property name="correlationId" value="RUN-255-API-a0adf9d2a03f88f9"/><property name="artifactHash" value="6469c1c947a21dfe9174080b49779bd5dbcd6d3de37eeece0109a84e4e366344"/></properties></testcase><testcase name="malformed" time="0.00375"><properties><property name="method" value="POST"/><property name="path" value="/sync/[REDACTED-ID]/envelopes"/><property name="status" value="400"/><property name="code" value="invalid_request"/><property name="correlationId" value="RUN-255-API-d83988f97aaa63c9"/><property name="artifactHash" value="666ecb1930007a366f392bf991ff751df01241fd2949f4d0ef3c114f4c8ec6e1"/></properties></testcase><testcase name="oversized" time="0.00344"><properties><property name="method" value="POST"/><property name="path" value="/sync/[REDACTED-ID]/envelopes"/><property name="status" value="400"/><property name="code" value="invalid_request"/><property name="correlationId" value="RUN-255-API-f8c6844c04de685d"/><property name="artifactHash" value="acc36f01eaa9549d8762e7fd57d095f714601c2c02f55d4a6416b9931ddf4b04"/></properties></testcase><testcase name="unsupported-version" time="0.00311"><properties><property name="method" value="POST"/><property name="path" value="/sync/[REDACTED-ID]/envelopes"/><property name="status" value="400"/><property name="code" value="invalid_request"/><property name="correlationId" value="RUN-255-API-38454ade6a56f115"/><property name="artifactHash" value="1308be9ec7434bbe383075d50e4852a9c7118a30e98a93135093d072e8da494f"/></properties></testcase><testcase name="stale-base" time="0.005860000000000001"><properties><property name="method" value="POST"/><property name="path" value="/sync/[REDACTED-ID]/envelopes"/><property name="status" value="409"/><property name="code" value="opaque_envelope_rejected"/><property name="correlationId" value="RUN-255-API-37fb722587ca8488"/><property name="artifactHash" value="fff7a6f22e3ac2cb900e7dfed3e86cffbbc5d1621b4bd4fa821e229ad91c8a78"/></properties></testcase><testcase name="replay-rollback" time="0.0066"><properties><property name="method" value="POST"/><property name="path" value="/sync/[REDACTED-ID]/envelopes"/><property name="status" value="409"/><property name="code" value="opaque_envelope_rejected"/><property name="correlationId" value="RUN-255-API-02dcc9a7ecc12f8b"/><property name="artifactHash" value="f8ba3ea8c3f35fb4e1c71b7fba6884419c1aecf66c985828507c736a4b014cbb"/></properties></testcase><testcase name="checkpoint-success" time="0.006019999999999999"><properties><property name="method" value="POST"/><property name="path" value="/sync/[REDACTED-ID]/checkpoints"/><property name="status" value="201"/><property name="code" value=""/><property name="correlationId" value="RUN-255-API-b1bedcd9944308d9"/><property name="artifactHash" value="c4d719cf625de0639256bb2fe1a47e2723477aaffe7bfeb71d5deb60e3d1a505"/></properties></testcase><testcase name="checkpoint-mismatch" time="0.0052699999999999995"><properties><property name="method" value="POST"/><property name="path" value="/sync/[REDACTED-ID]/checkpoints"/><property name="status" value="409"/><property name="code" value="checkpoint_rejected"/><property name="correlationId" value="RUN-255-API-59aeb0d7bfa30f18"/><property name="artifactHash" value="b269aac501e4fc51587d7543042f841844dd39728f99e0acf3051c69a16164ce"/></properties></testcase><testcase name="recovery-success" time="0.00597"><properties><property name="method" value="GET"/><property name="path" value="/sync/[REDACTED-ID]/recovery?checkpointId=run-255-api-checkpoint&amp;deviceId=[REDACTED]&amp;enrollmentVersion=2&amp;afterCursor=0&amp;limit=100"/><property name="status" value="200"/><property name="code" value=""/><property name="correlationId" value="RUN-255-API-89ec820b19d75061"/><property name="artifactHash" value="59f0da2b0704634b5665cfaadc83b3b12c05e5cd9f3587ede7a3618bad0804d6"/></properties></testcase><testcase name="recovery-missing-checkpoint" time="0.0055"><properties><property name="method" value="GET"/><property name="path" value="/sync/[REDACTED-ID]/recovery?checkpointId=run-255-api-missing&amp;deviceId=[REDACTED]&amp;enrollmentVersion=2"/><property name="status" value="409"/><property name="code" value="recovery_chain_unavailable"/><property name="correlationId" value="RUN-255-API-eee76bd888add018"/><property name="artifactHash" value="589189ff9d9ce0009c7b0f7a121ea9564481f21ae3ce528b8634bdfafe083379"/></properties></testcase><testcase name="recovery-malformed-query" time="0.00279"><properties><property name="method" value="GET"/><property name="path" value="/sync/[REDACTED-ID]/recovery?checkpointId=&amp;deviceId=[REDACTED]&amp;enrollmentVersion=2"/><property name="status" value="400"/><property name="code" value="invalid_request"/><property name="correlationId" value="RUN-255-API-37480975b50641e6"/><property name="artifactHash" value="47ca7308fc8295a6f128c3165c4e623f068107dec35741851489d3fe35ebfec8"/></properties></testcase><testcase name="retention-pruned-cursor" time="0.00435"><properties><property name="method" value="GET"/><property name="path" value="/sync/[REDACTED-ID]/envelopes?afterCursor=[REDACTED-PIN]&amp;limit=100&amp;deviceId=[REDACTED]&amp;enrollmentVersion=2"/><property name="status" value="409"/><property name="code" value="cursor_recovery_required"/><property name="correlationId" value="RUN-255-API-88d887097e9e6b37"/><property name="artifactHash" value="94a743fc0c80b1b6e9202cf8f94aed3cd629b8015cc2f671988417a48f0722fc"/></properties></testcase><testcase name="tombstone-append" time="0.00488"><properties><property name="method" value="POST"/><property name="path" value="/sync/[REDACTED-ID]/envelopes"/><property name="status" value="201"/><property name="code" value=""/><property name="correlationId" value="RUN-255-API-d7c4bb78eb2c95ec"/><property name="artifactHash" value="6b3aab14900ec1a0316cd7a4a494155b6795ac35fef37878a5149e600bb19e87"/></properties></testcase><testcase name="tombstone-non-resurrection" time="0.00455"><properties><property name="method" value="POST"/><property name="path" value="/sync/[REDACTED-ID]/envelopes"/><property name="status" value="409"/><property name="code" value="opaque_envelope_rejected"/><property name="correlationId" value="RUN-255-API-67bfc094a40680b0"/><property name="artifactHash" value="14b70b35aa86140ae391256eb029c616d078647ff61caaf155487e518b027e47"/></properties></testcase><testcase name="recovery-unauthorized-tenant" time="0.00332"><properties><property name="method" value="GET"/><property name="path" value="/sync/[REDACTED-ID]/recovery?checkpointId=run-255-api-checkpoint&amp;deviceId=[REDACTED]&amp;enrollmentVersion=2"/><property name="status" value="404"/><property name="code" value="workspace_not_found"/><property name="correlationId" value="RUN-255-API-bbd675939062540c"/><property name="artifactHash" value="5548cf4a5c5f249beceb33f27fbc84f4f155d283ee95669e0a0db59d09b18ccd"/></properties></testcase><testcase name="revoked-[REDACTED]" time="0.00531"><properties><property name="method" value="GET"/><property name="path" value="/sync/[REDACTED-ID]/envelopes?deviceId=[REDACTED]&amp;enrollmentVersion=2"/><property name="status" value="409"/><property name="code" value="device_lifecycle_rejected"/><property name="correlationId" value="RUN-255-API-57d29357fb923c80"/><property name="artifactHash" value="ebe6a10f8b5fa00799cf3aea0521f94833896263eb92d9ddb5fd2d1e51ead966"/></properties></testcase><testcase name="revoked-[REDACTED]" time="0.004690000000000001"><properties><property name="method" value="POST"/><property name="path" value="/sync/[REDACTED-ID]/envelopes"/><property name="status" value="409"/><property name="code" value="opaque_envelope_rejected"/><property name="correlationId" value="RUN-255-API-02ac3fffb911e5e3"/><property name="artifactHash" value="4a822d7d8f28a72aa14e9196f1aaae68d8a7e9586bbcff718c244bb560d0bf9f"/></properties></testcase></testsuite>